SF:lib/data/model/app/shell_func.dart
DA:32,3
DA:38,1
DA:39,1
DA:42,1
DA:43,2
DA:44,2
DA:47,0
DA:48,0
DA:49,0
DA:50,0
DA:51,0
DA:52,0
DA:55,1
DA:56,1
DA:57,1
DA:58,1
DA:59,1
DA:62,1
DA:63,1
DA:64,1
DA:65,1
DA:67,2
DA:69,1
DA:72,1
DA:73,1
DA:74,1
DA:75,1
DA:76,1
DA:77,1
DA:81,1
DA:82,1
DA:83,1
DA:84,1
DA:86,1
DA:92,1
DA:93,1
DA:94,1
DA:96,1
DA:159,0
DA:160,0
DA:161,0
DA:162,0
DA:163,0
DA:164,0
DA:165,0
DA:166,0
DA:239,1
DA:240,2
LF:48
LH:34
end_of_record
SF:lib/data/model/server/server_status_update_req.dart
DA:26,1
DA:34,1
DA:35,1
DA:36,1
DA:37,1
DA:38,2
DA:44,0
DA:45,0
DA:47,0
DA:48,0
DA:51,0
DA:52,0
DA:54,0
DA:58,0
DA:60,0
DA:63,0
DA:67,0
DA:69,0
DA:72,0
DA:76,0
DA:77,0
DA:78,0
DA:79,0
DA:80,0
DA:82,0
DA:86,0
DA:87,0
DA:88,0
DA:91,0
DA:95,0
DA:97,0
DA:100,0
DA:104,0
DA:105,0
DA:107,0
DA:111,0
DA:113,0
DA:117,0
DA:119,0
DA:122,0
DA:126,0
DA:128,0
DA:132,0
DA:133,0
DA:135,0
DA:139,0
DA:140,0
DA:142,0
DA:146,0
DA:148,0
DA:152,0
DA:154,0
DA:158,0
DA:161,0
DA:162,0
DA:163,0
DA:164,0
DA:167,0
DA:171,0
DA:172,0
DA:173,0
DA:174,0
DA:177,0
DA:181,0
DA:182,0
DA:183,0
DA:184,0
DA:187,0
DA:190,0
DA:194,0
DA:195,0
DA:198,0
DA:199,0
DA:200,0
DA:202,0
DA:206,0
DA:208,0
DA:212,0
DA:214,0
DA:218,0
DA:220,0
DA:224,0
DA:226,0
DA:229,0
DA:233,0
DA:235,0
DA:237,0
DA:245,0
DA:246,0
DA:247,0
DA:248,0
DA:249,0
DA:251,0
DA:254,0
DA:257,0
DA:258,0
DA:259,0
DA:261,0
DA:262,0
DA:263,0
DA:264,0
DA:271,0
DA:272,0
DA:273,0
DA:278,0
DA:288,0
DA:289,0
DA:290,0
DA:291,0
DA:296,1
DA:297,1
DA:298,1
DA:303,1
DA:304,1
DA:305,2
DA:306,3
DA:309,1
DA:310,1
DA:311,1
DA:312,1
DA:313,1
DA:314,1
DA:315,1
DA:316,1
DA:317,1
DA:318,1
DA:319,1
DA:320,1
DA:321,5
DA:323,1
DA:327,1
DA:329,1
DA:330,1
DA:331,1
DA:332,1
DA:333,1
DA:334,0
DA:335,0
DA:336,0
DA:337,0
DA:341,0
DA:346,1
DA:348,1
DA:349,1
DA:350,3
DA:353,0
DA:358,1
DA:360,2
DA:362,3
DA:365,3
DA:370,1
DA:373,1
DA:374,1
DA:375,1
DA:376,1
DA:377,1
DA:378,2
DA:379,1
DA:380,3
DA:385,1
DA:386,2
DA:387,4
DA:388,5
DA:391,3
DA:396,1
DA:398,1
DA:399,1
DA:400,1
DA:401,1
DA:402,1
DA:403,1
DA:405,2
DA:409,3
DA:414,1
DA:416,1
DA:417,2
DA:418,1
DA:419,2
DA:420,3
DA:423,3
DA:428,1
DA:430,2
DA:432,3
DA:435,3
DA:440,1
DA:442,1
DA:443,2
DA:444,1
DA:445,3
DA:448,3
DA:453,1
DA:455,1
DA:456,2
DA:458,3
DA:461,3
DA:466,1
DA:468,1
DA:469,2
DA:470,1
DA:471,3
DA:472,1
DA:473,3
DA:477,3
DA:482,1
DA:484,1
DA:485,2
DA:486,3
DA:489,3
DA:494,1
DA:496,3
DA:498,3
DA:502,4
DA:504,3
DA:509,1
DA:511,1
DA:512,1
DA:514,2
DA:516,2
DA:518,1
DA:519,1
DA:524,1
DA:525,0
DA:526,0
DA:528,1
DA:529,1
DA:541,1
DA:545,0
DA:547,0
DA:548,0
DA:551,0
DA:552,0
DA:553,0
DA:555,0
DA:556,0
DA:558,0
DA:559,0
DA:560,0
DA:562,0
DA:563,0
DA:564,0
DA:565,0
DA:567,0
DA:568,0
DA:569,0
DA:570,0
DA:576,0
DA:577,0
DA:578,0
DA:580,0
DA:581,0
DA:583,0
DA:584,0
DA:594,0
DA:598,0
DA:601,0
DA:602,0
DA:605,1
DA:607,1
DA:608,0
DA:611,0
DA:612,0
DA:614,0
DA:615,0
DA:617,0
DA:618,0
DA:619,0
DA:621,0
DA:622,0
DA:623,0
DA:624,0
DA:626,0
DA:627,0
DA:628,0
DA:629,0
DA:636,0
DA:637,0
DA:638,0
DA:639,0
DA:640,0
DA:642,0
DA:643,0
DA:656,1
DA:660,0
DA:663,0
DA:664,0
DA:667,1
DA:670,1
DA:671,1
DA:672,1
DA:676,1
DA:677,0
DA:680,0
DA:681,0
DA:683,0
DA:684,0
DA:685,0
DA:686,0
DA:690,0
DA:693,0
DA:697,0
DA:698,0
LF:301
LH:123
end_of_record
SF:lib/data/model/server/system.dart
DA:22,0
DA:24,0
DA:25,0
DA:26,0
DA:28,0
DA:29,0
DA:32,0
DA:33,0
DA:38,0
DA:39,0
DA:43,0
DA:44,0
DA:50,0
DA:56,3
DA:58,1
DA:60,1
DA:61,0
DA:62,1
DA:63,0
DA:64,1
DA:65,1
LF:21
LH:6
end_of_record
SF:lib/data/res/status.dart
DA:11,1
DA:12,1
DA:13,1
DA:14,5
DA:15,1
DA:16,3
DA:17,1
DA:18,5
DA:19,2
DA:20,1
DA:22,1
DA:23,1
DA:27,1
DA:28,1
DA:29,1
DA:33,1
DA:36,1
DA:37,3
LF:18
LH:18
end_of_record
SF:lib/data/model/server/disk.dart
DA:30,3
DA:44,2
DA:45,2
DA:46,2
DA:48,2
DA:50,2
DA:51,2
DA:53,4
DA:55,2
DA:59,1
DA:62,0
DA:68,2
DA:69,2
DA:71,2
DA:76,3
DA:77,4
DA:78,4
DA:79,4
DA:82,3
DA:83,1
DA:85,1
DA:92,1
DA:93,2
DA:94,2
DA:95,2
DA:97,1
DA:101,1
DA:105,2
DA:106,3
DA:108,2
DA:109,3
DA:111,2
DA:112,3
DA:115,2
DA:116,1
DA:117,1
DA:119,2
DA:120,2
DA:121,2
DA:123,1
DA:138,2
DA:139,4
DA:140,4
DA:143,4
DA:145,2
DA:148,4
DA:149,4
DA:150,2
DA:152,2
DA:157,6
DA:158,4
DA:159,6
DA:161,4
DA:162,6
DA:164,4
DA:165,6
DA:168,4
DA:169,2
DA:170,2
DA:172,4
DA:173,4
DA:174,4
DA:176,2
DA:189,1
DA:192,0
DA:193,0
DA:201,1
DA:202,1
DA:203,1
DA:204,2
DA:206,2
DA:207,1
DA:210,2
DA:211,2
DA:212,0
DA:215,1
DA:216,0
DA:220,1
DA:221,1
DA:222,1
DA:223,1
DA:224,1
DA:227,3
DA:228,4
DA:229,4
DA:230,4
DA:240,0
DA:241,0
DA:242,0
DA:243,0
DA:244,0
DA:245,0
DA:246,0
DA:247,0
DA:248,0
DA:249,0
DA:250,0
DA:251,0
DA:252,0
DA:257,1
DA:259,1
DA:261,2
DA:264,0
DA:267,0
DA:268,0
DA:272,0
DA:273,0
DA:276,0
DA:277,0
DA:278,0
DA:279,0
DA:280,0
DA:284,0
DA:285,0
DA:287,0
DA:288,0
DA:293,1
DA:294,2
DA:296,0
DA:299,0
DA:300,0
DA:301,0
DA:302,0
DA:303,0
DA:304,0
DA:307,0
DA:308,0
DA:309,0
DA:312,0
DA:313,0
DA:317,0
DA:318,0
DA:319,0
DA:320,0
DA:321,0
DA:322,0
DA:323,0
DA:324,0
DA:325,0
DA:327,0
DA:328,0
DA:329,0
DA:330,0
DA:332,0
DA:333,0
DA:351,0
DA:353,0
DA:354,0
DA:361,3
DA:363,1
DA:365,3
DA:366,4
DA:370,3
DA:372,3
DA:373,3
DA:374,6
DA:375,9
DA:378,9
DA:379,3
DA:380,3
DA:381,6
DA:382,6
DA:384,3
DA:388,3
DA:393,3
DA:395,3
DA:396,3
DA:404,6
LF:168
LH:106
end_of_record
SF:lib/data/model/server/time_seq.dart
DA:8,2
DA:10,1
DA:12,2
DA:13,4
DA:14,0
DA:16,2
DA:19,1
DA:20,2
DA:22,2
DA:24,0
DA:26,0
DA:29,0
DA:31,0
DA:34,0
DA:36,0
DA:43,3
DA:45,1
DA:46,4
DA:49,1
DA:50,4
DA:55,1
DA:56,1
DA:58,5
DA:59,0
DA:60,0
DA:63,1
LF:26
LH:17
end_of_record
SF:lib/data/res/misc.dart
DA:4,3
DA:5,3
DA:8,0
LF:3
LH:2
end_of_record
SF:lib/data/model/container/image.dart
DA:13,0
DA:27,0
DA:29,0
DA:30,0
DA:32,0
DA:33,0
DA:35,0
DA:37,0
DA:39,0
DA:40,0
DA:41,0
DA:42,0
DA:43,0
DA:44,0
DA:45,0
DA:48,0
DA:49,0
DA:50,0
DA:51,0
DA:52,0
DA:53,0
DA:54,0
DA:69,0
DA:78,0
DA:79,0
DA:81,0
DA:82,0
DA:84,0
DA:86,0
DA:88,0
DA:89,0
DA:90,0
DA:91,0
DA:93,0
DA:94,0
DA:95,0
DA:96,0
DA:98,0
DA:99,0
DA:100,0
DA:101,0
DA:103,0
DA:105,0
DA:106,0
DA:109,0
DA:113,0
DA:114,0
DA:115,0
DA:116,0
DA:117,0
DA:118,0
DA:119,0
LF:52
LH:0
end_of_record
SF:lib/data/model/container/type.dart
DA:8,0
DA:9,0
DA:10,0
DA:13,0
DA:14,0
DA:15,0
LF:6
LH:0
end_of_record
SF:lib/data/model/container/ps.dart
DA:20,0
DA:45,0
DA:47,0
DA:48,0
DA:50,0
DA:51,0
DA:53,0
DA:54,0
DA:56,0
DA:58,0
DA:59,0
DA:60,0
DA:61,0
DA:62,0
DA:63,0
DA:64,0
DA:65,0
DA:66,0
DA:67,0
DA:68,0
DA:69,0
DA:70,0
DA:73,0
DA:75,0
DA:77,0
DA:78,0
DA:79,0
DA:80,0
DA:81,0
DA:82,0
DA:83,0
DA:84,0
DA:87,0
DA:88,0
DA:89,0
DA:90,0
DA:91,0
DA:92,0
DA:93,0
DA:94,0
DA:115,1
DA:117,0
DA:118,0
DA:120,0
DA:123,1
DA:125,3
DA:129,0
DA:131,0
DA:132,0
DA:133,0
DA:134,0
DA:135,0
DA:140,1
DA:141,2
DA:142,6
LF:55
LH:6
end_of_record
SF:lib/core/extension/context/locale.dart
DA:5,0
DA:8,0
LF:2
LH:0
end_of_record
SF:lib/core/extension/ssh_client.dart
DA:18,0
DA:27,0
DA:33,0
DA:34,0
DA:35,0
DA:37,0
DA:38,0
DA:39,0
DA:40,0
DA:42,0
DA:43,0
DA:46,0
DA:47,0
DA:48,0
DA:49,0
DA:51,0
DA:52,0
DA:55,0
DA:57,0
DA:58,0
DA:60,0
DA:63,0
DA:74,0
DA:77,0
DA:84,0
DA:85,0
DA:86,0
DA:88,0
DA:89,0
DA:90,0
DA:91,0
DA:93,0
DA:94,0
DA:97,0
DA:98,0
DA:99,0
DA:100,0
DA:102,0
DA:103,0
DA:106,0
DA:108,0
DA:109,0
DA:111,0
DA:114,0
DA:123,0
DA:124,0
DA:125,0
DA:126,0
DA:128,0
DA:129,0
DA:132,0
DA:134,0
DA:136,0
DA:137,0
DA:138,0
DA:140,0
DA:148,0
DA:151,0
DA:159,0
DA:160,0
DA:161,0
DA:162,0
LF:62
LH:0
end_of_record
SF:lib/core/sync.dart
DA:9,0
DA:12,6
DA:14,0
DA:15,0
DA:17,0
DA:19,0
DA:20,0
DA:23,0
DA:25,0
DA:26,0
DA:28,0
DA:29,0
LF:12
LH:1
end_of_record
SF:lib/data/model/app/bak/backup2.dart
DA:13,0
DA:17,0
DA:41,0
DA:43,0
DA:45,0
DA:48,0
DA:49,0
DA:50,0
DA:51,0
DA:52,0
DA:53,0
DA:56,0
DA:57,0
DA:59,0
DA:64,0
DA:65,0
DA:67,0
DA:68,0
DA:69,0
DA:70,0
DA:71,0
DA:72,0
DA:73,0
DA:77,0
DA:78,0
DA:79,0
DA:81,0
DA:82,0
DA:85,0
DA:86,0
DA:90,0
DA:91,0
DA:92,0
DA:93,0
DA:95,0
DA:98,0
DA:99,0
LF:37
LH:0
end_of_record
SF:lib/data/model/app/bak/backup2.g.dart
DA:9,0
DA:10,0
DA:11,0
DA:12,0
DA:13,0
DA:14,0
DA:15,0
DA:16,0
DA:17,0
DA:20,0
DA:21,0
DA:22,0
DA:23,0
DA:24,0
DA:25,0
DA:26,0
DA:27,0
DA:28,0
LF:18
LH:0
end_of_record
SF:lib/data/model/app/bak/utils.dart
DA:6,0
DA:8,0
DA:9,0
DA:11,0
DA:12,0
LF:5
LH:0
end_of_record
SF:lib/core/utils/server.dart
DA:15,0
DA:16,0
DA:20,0
DA:22,0
DA:23,0
DA:24,0
DA:29,0
DA:30,0
DA:32,0
DA:34,0
DA:37,0
DA:56,0
DA:60,0
DA:62,0
DA:66,0
DA:67,0
DA:69,0
DA:71,0
DA:76,0
DA:78,0
DA:79,0
DA:81,0
DA:83,0
DA:85,0
DA:89,0
DA:91,0
DA:93,0
DA:94,0
DA:96,0
DA:97,0
DA:103,0
DA:105,0
DA:106,0
DA:108,0
DA:110,0
LF:35
LH:0
end_of_record
SF:lib/data/model/app/error.dart
DA:7,0
DA:9,0
DA:10,0
DA:11,0
DA:12,0
DA:13,0
DA:14,0
DA:32,0
DA:34,0
DA:41,0
DA:43,0
DA:50,0
DA:52,0
DA:59,0
DA:61,0
LF:15
LH:0
end_of_record
SF:lib/data/model/server/server_private_info.dart
DA:24,0
DA:53,0
DA:55,0
DA:56,0
DA:58,0
DA:59,0
DA:67,0
DA:70,0
DA:77,0
DA:78,0
DA:79,0
DA:80,0
DA:81,0
DA:82,0
DA:85,0
DA:87,0
DA:88,0
DA:90,0
DA:91,0
DA:92,0
DA:93,0
DA:94,0
DA:95,0
DA:96,0
DA:97,0
DA:98,0
DA:101,0
DA:102,0
DA:103,0
DA:105,0
DA:106,0
DA:107,0
DA:109,0
DA:110,0
DA:111,0
DA:112,0
DA:114,0
DA:115,0
DA:116,0
DA:117,0
DA:125,0
DA:132,0
DA:136,0
DA:139,0
DA:146,0
LF:45
LH:0
end_of_record
SF:lib/data/model/server/server_private_info.g.dart
DA:9,0
DA:10,0
DA:11,0
DA:12,0
DA:13,0
DA:14,0
DA:15,0
DA:16,0
DA:17,0
DA:18,0
DA:19,0
DA:20,0
DA:22,0
DA:23,0
DA:25,0
DA:26,0
DA:27,0
DA:29,0
DA:30,0
DA:32,0
DA:36,0
DA:37,0
DA:38,0
DA:39,0
DA:40,0
DA:41,0
DA:42,0
DA:43,0
DA:44,0
DA:45,0
DA:46,0
DA:47,0
DA:48,0
DA:49,0
DA:50,0
DA:51,0
DA:52,0
LF:37
LH:0
end_of_record
SF:lib/data/res/store.dart
DA:10,0
DA:11,0
DA:12,0
DA:13,0
DA:14,0
DA:15,0
DA:18,0
DA:19,0
DA:20,0
DA:21,0
DA:22,0
DA:23,0
DA:24,0
DA:27,0
DA:28,0
DA:31,0
DA:33,0
DA:34,0
DA:39,0
DA:40,0
DA:41,0
DA:45,0
LF:22
LH:0
end_of_record
SF:lib/core/utils/ssh_auth.dart
DA:9,0
DA:14,0
DA:15,0
DA:16,0
DA:17,0
DA:19,0
LF:6
LH:0
end_of_record
SF:lib/data/provider/app.dart
DA:17,0
DA:22,0
DA:23,0
LF:3
LH:0
end_of_record
SF:lib/data/provider/app.g.dart
DA:9,0
DA:13,0
LF:2
LH:0
end_of_record
SF:lib/data/helper/system_detector.dart
DA:16,0
DA:21,0
DA:23,0
DA:29,0
DA:30,0
DA:31,0
DA:33,0
DA:38,0
DA:39,0
DA:41,0
DA:43,0
DA:45,0
DA:49,0
DA:54,0
LF:14
LH:0
end_of_record
SF:lib/data/model/app/bak/backup.dart
DA:17,0
DA:32,0
DA:44,0
DA:46,0
DA:48,0
DA:49,0
DA:50,0
DA:52,0
DA:53,0
DA:54,0
DA:55,0
DA:56,0
DA:58,0
DA:59,0
DA:63,0
DA:64,0
DA:65,0
DA:66,0
DA:67,0
DA:71,0
DA:73,0
DA:74,0
DA:75,0
DA:77,0
DA:83,0
DA:84,0
DA:87,0
DA:88,0
DA:89,0
DA:90,0
DA:91,0
DA:92,0
DA:93,0
DA:95,0
DA:96,0
DA:98,0
DA:99,0
DA:105,0
DA:106,0
DA:109,0
DA:110,0
DA:111,0
DA:112,0
DA:113,0
DA:114,0
DA:115,0
DA:117,0
DA:118,0
DA:120,0
DA:121,0
DA:127,0
DA:128,0
DA:131,0
DA:132,0
DA:133,0
DA:134,0
DA:135,0
DA:136,0
DA:137,0
DA:139,0
DA:140,0
DA:142,0
DA:143,0
DA:149,0
DA:151,0
DA:152,0
DA:153,0
DA:154,0
DA:155,0
DA:156,0
DA:157,0
DA:159,0
DA:160,0
DA:162,0
DA:163,0
DA:169,0
DA:171,0
DA:172,0
DA:173,0
DA:174,0
DA:175,0
DA:176,0
DA:177,0
DA:179,0
DA:180,0
DA:182,0
DA:183,0
DA:188,0
DA:191,0
DA:193,0
DA:194,0
DA:195,0
DA:196,0
DA:197,0
DA:198,0
DA:199,0
DA:201,0
DA:202,0
DA:204,0
DA:205,0
DA:210,0
DA:211,0
DA:213,0
DA:216,0
DA:219,0
DA:221,0
DA:223,0
DA:224,0
DA:225,0
DA:226,0
DA:228,0
DA:230,0
LF:112
LH:0
end_of_record
SF:lib/data/model/app/bak/backup.g.dart
DA:9,0
DA:10,0
DA:11,0
DA:12,0
DA:13,0
DA:14,0
DA:15,0
DA:16,0
DA:17,0
DA:18,0
DA:19,0
DA:20,0
DA:21,0
DA:22,0
DA:23,0
DA:24,0
DA:27,0
DA:28,0
DA:29,0
DA:30,0
DA:31,0
DA:32,0
DA:33,0
DA:34,0
DA:35,0
DA:36,0
LF:26
LH:0
end_of_record
SF:lib/data/model/server/private_key_info.dart
DA:11,0
DA:13,0
DA:15,0
DA:17,0
DA:18,0
DA:19,0
DA:22,0
DA:23,0
DA:24,0
DA:27,0
LF:10
LH:0
end_of_record
SF:lib/data/model/server/private_key_info.g.dart
DA:9,0
DA:10,0
DA:11,0
DA:12,0
DA:15,0
DA:16,0
LF:6
LH:0
end_of_record
SF:lib/data/model/server/snippet.dart
DA:23,0
DA:35,0
DA:37,0
DA:38,0
DA:39,0
DA:40,0
DA:41,0
DA:47,0
DA:48,0
DA:49,0
DA:52,0
DA:53,0
DA:54,0
DA:59,0
DA:60,0
DA:61,0
DA:66,0
DA:67,0
DA:68,0
DA:69,0
DA:70,0
DA:75,0
DA:76,0
DA:80,0
DA:81,0
DA:82,0
DA:83,0
DA:86,0
DA:88,0
DA:89,0
DA:92,0
DA:94,0
DA:97,0
DA:102,0
DA:103,0
DA:108,0
DA:109,0
DA:112,0
DA:115,0
DA:121,0
DA:122,0
DA:123,0
DA:127,0
DA:130,0
DA:131,0
DA:132,0
DA:134,0
DA:137,0
DA:140,0
DA:141,0
DA:144,0
DA:145,0
DA:146,0
DA:147,0
DA:148,0
DA:149,0
DA:150,0
DA:154,0
DA:162,0
DA:168,0
DA:176,0
DA:177,0
DA:179,0
DA:180,0
DA:183,0
DA:184,0
DA:185,0
DA:186,0
LF:68
LH:0
end_of_record
SF:lib/data/model/server/snippet.g.dart
DA:9,0
DA:10,0
DA:11,0
DA:12,0
DA:13,0
DA:14,0
DA:15,0
DA:16,0
DA:19,0
DA:20,0
DA:21,0
DA:22,0
DA:23,0
DA:24,0
LF:14
LH:0
end_of_record
SF:lib/data/model/app/menu/server_func.dart
DA:21,0
DA:22,0
DA:23,0
DA:24,0
DA:25,0
DA:26,0
DA:27,0
DA:32,0
DA:40,0
DA:42,0
DA:43,0
DA:44,0
DA:46,0
DA:47,0
DA:48,0
DA:49,0
DA:50,0
DA:53,0
DA:54,0
DA:55,0
DA:57,0
DA:58,0
DA:59,0
DA:60,0
DA:61,0
LF:25
LH:0
end_of_record
SF:lib/data/model/app/net_view.dart
DA:10,0
DA:11,0
DA:12,0
DA:13,0
DA:16,0
DA:17,0
DA:18,0
DA:19,0
DA:24,0
DA:25,0
DA:28,0
DA:29,0
DA:30,0
DA:32,0
DA:34,0
DA:35,0
DA:37,0
DA:39,0
DA:42,0
DA:47,0
DA:48,0
DA:49,0
DA:50,0
DA:53,0
DA:54,0
DA:55,0
LF:26
LH:0
end_of_record
SF:lib/data/model/server/server.dart
DA:24,0
DA:26,0
DA:28,0
DA:30,0
DA:53,1
DA:84,0
LF:6
LH:1
end_of_record
SF:lib/data/model/app/script_builders.dart
DA:6,6
DA:29,6
DA:31,1
DA:34,1
DA:36,1
DA:41,1
DA:43,2
DA:46,1
DA:51,2
DA:52,6
DA:57,1
DA:59,1
DA:60,1
DA:69,2
DA:70,1
DA:72,1
DA:73,1
DA:74,7
DA:77,1
DA:81,1
DA:84,2
DA:85,1
DA:86,2
DA:87,1
DA:89,1
DA:93,1
DA:96,1
DA:97,5
DA:98,1
DA:99,1
DA:100,1
DA:101,1
DA:108,6
DA:110,0
DA:113,0
DA:119,0
DA:122,0
DA:124,0
DA:127,0
DA:132,0
DA:133,0
DA:138,0
DA:140,0
DA:141,0
DA:161,0
DA:162,0
DA:163,0
DA:164,0
DA:165,0
DA:169,0
DA:173,0
DA:174,0
DA:175,0
DA:176,0
DA:177,0
DA:179,0
DA:181,0
DA:186,0
DA:189,0
DA:191,0
DA:194,0
DA:196,0
DA:197,0
DA:198,0
DA:210,0
DA:217,0
DA:224,0
DA:237,0
DA:239,1
LF:69
LH:34
end_of_record
SF:lib/data/model/app/server_detail_card.dart
DA:28,0
DA:29,0
DA:31,0
DA:33,0
DA:34,0
DA:35,0
DA:36,0
DA:37,0
DA:38,0
DA:39,0
DA:40,0
DA:41,0
DA:42,0
DA:43,0
DA:44,0
DA:45,0
DA:46,0
DA:52,0
DA:53,0
DA:54,0
DA:55,0
DA:56,0
DA:57,0
DA:58,0
DA:62,0
DA:63,0
DA:64,0
DA:65,0
DA:66,0
DA:67,0
LF:30
LH:0
end_of_record
SF:lib/data/provider/server.dart
DA:24,6
DA:27,3
DA:28,0
DA:29,0
DA:30,0
DA:34,0
DA:36,0
DA:38,0
DA:40,0
DA:43,0
DA:44,0
DA:45,0
DA:47,0
DA:48,0
DA:49,0
DA:50,0
DA:54,0
DA:55,0
DA:56,0
DA:58,0
DA:59,0
DA:62,0
DA:63,0
DA:64,0
DA:65,0
DA:67,0
DA:70,0
DA:71,0
DA:73,0
DA:75,0
DA:81,1
DA:83,0
DA:86,2
DA:91,0
DA:93,0
DA:94,0
DA:96,0
DA:97,0
DA:100,0
DA:103,0
DA:104,0
DA:109,0
DA:111,0
DA:112,0
DA:116,0
DA:117,0
DA:118,0
DA:120,0
DA:121,0
DA:124,0
DA:126,0
DA:131,0
DA:143,0
DA:144,0
DA:149,0
DA:155,0
DA:156,0
DA:159,0
DA:160,0
DA:161,0
DA:162,0
DA:163,0
DA:165,0
DA:167,0
DA:168,0
DA:172,0
DA:174,0
DA:179,0
DA:181,0
DA:182,0
DA:183,0
DA:184,0
DA:189,0
DA:191,0
DA:192,0
DA:196,0
DA:199,0
DA:200,0
DA:202,0
DA:205,0
DA:206,0
DA:207,0
DA:208,0
DA:209,0
DA:210,0
DA:213,0
DA:214,0
DA:215,0
DA:216,0
DA:217,0
DA:218,0
DA:219,0
DA:220,0
DA:221,0
DA:224,0
DA:225,0
DA:226,0
DA:227,0
DA:228,0
DA:229,0
DA:230,0
DA:231,0
DA:234,0
DA:235,0
DA:236,0
DA:237,0
DA:238,0
DA:239,0
DA:240,0
DA:241,0
DA:244,0
DA:245,0
DA:246,0
DA:247,0
DA:249,0
DA:250,0
DA:251,0
DA:252,0
DA:253,0
DA:254,0
DA:258,0
DA:260,0
DA:261,0
DA:264,0
DA:265,0
DA:268,0
DA:269,0
DA:270,0
DA:273,0
DA:274,0
DA:275,0
DA:279,0
DA:280,0
DA:281,0
DA:282,0
DA:287,0
DA:289,0
DA:290,0
DA:292,0
DA:295,0
DA:303,0
DA:309,0
DA:310,0
DA:312,0
DA:313,0
DA:315,0
DA:316,0
DA:317,0
DA:318,0
DA:320,0
DA:323,0
DA:324,0
DA:325,0
DA:328,0
DA:332,0
DA:336,0
DA:337,0
DA:339,0
DA:340,0
DA:341,0
DA:342,0
DA:343,0
DA:344,0
DA:345,0
DA:348,0
DA:349,0
DA:350,0
DA:351,0
DA:352,0
DA:353,0
DA:355,0
DA:356,0
DA:357,0
DA:358,0
DA:359,0
DA:360,0
DA:365,0
DA:366,0
DA:367,0
DA:368,0
DA:372,0
DA:377,0
DA:378,0
DA:385,0
DA:386,0
DA:387,0
DA:388,0
DA:389,0
DA:391,0
DA:395,0
DA:396,0
DA:397,0
DA:401,0
DA:402,0
DA:403,0
DA:404,0
DA:408,0
DA:409,0
DA:410,0
DA:411,0
DA:412,0
DA:413,0
DA:414,0
DA:417,0
DA:418,0
DA:419,0
DA:421,0
DA:423,0
DA:426,0
DA:429,0
DA:430,0
DA:433,0
DA:435,0
DA:437,0
DA:438,0
DA:439,0
DA:440,0
DA:445,0
DA:447,0
LF:219
LH:4
end_of_record
SF:lib/data/model/server/amd.dart
DA:31,2
DA:33,2
DA:34,2
DA:37,3
DA:38,2
DA:39,1
DA:40,1
DA:42,2
DA:46,1
DA:48,3
DA:49,4
DA:52,3
DA:53,1
DA:56,2
DA:57,3
DA:58,1
DA:61,4
DA:64,4
DA:67,3
DA:70,4
DA:72,1
DA:87,1
DA:89,1
DA:90,1
DA:92,2
DA:93,1
DA:98,1
DA:99,1
DA:100,1
DA:102,2
DA:103,2
DA:104,1
DA:107,1
DA:108,3
DA:109,3
DA:110,2
DA:112,1
DA:113,1
DA:114,1
DA:115,2
DA:116,1
DA:117,1
DA:118,1
DA:123,1
DA:126,1
DA:127,2
DA:128,4
DA:129,3
DA:131,1
DA:132,1
DA:146,1
DA:157,1
DA:159,6
DA:169,1
DA:171,1
DA:173,6
DA:182,1
DA:184,1
DA:186,4
LF:59
LH:59
end_of_record
SF:lib/data/model/server/battery.dart
DA:22,2
DA:24,1
DA:25,1
DA:26,1
DA:27,2
DA:28,1
DA:29,2
DA:30,3
DA:33,1
DA:34,1
DA:36,1
DA:37,1
DA:39,1
DA:40,1
DA:41,2
DA:43,1
DA:44,1
DA:48,0
DA:50,0
DA:53,0
DA:62,1
DA:64,1
DA:66,1
DA:68,1
DA:77,1
DA:78,1
DA:79,1
DA:80,1
DA:81,2
DA:82,1
DA:84,2
DA:85,0
DA:86,1
DA:88,0
DA:90,1
DA:92,1
LF:36
LH:31
end_of_record
SF:lib/data/model/server/conn.dart
DA:9,7
DA:11,0
DA:12,0
DA:13,0
DA:14,0
DA:15,0
DA:16,0
DA:17,0
DA:18,0
DA:19,0
DA:20,0
LF:11
LH:1
end_of_record
SF:lib/data/model/server/cpu.dart
DA:10,1
DA:14,1
DA:16,3
DA:17,8
DA:18,2
DA:19,2
DA:20,2
DA:21,2
DA:22,1
DA:26,1
DA:27,5
DA:28,2
DA:30,7
DA:31,7
DA:32,1
DA:33,3
DA:35,0
DA:41,0
DA:44,2
DA:47,0
DA:48,1
DA:49,5
DA:50,7
DA:51,2
DA:52,2
DA:56,0
DA:57,1
DA:58,5
DA:59,7
DA:60,2
DA:61,2
DA:65,0
DA:66,1
DA:67,5
DA:68,7
DA:69,2
DA:70,2
DA:74,0
DA:75,3
DA:77,1
DA:86,1
DA:92,0
DA:93,1
DA:94,2
DA:95,3
DA:96,3
DA:98,2
DA:99,4
DA:100,1
DA:145,1
DA:156,14
DA:158,0
DA:159,0
DA:161,0
DA:162,0
DA:164,0
DA:165,0
DA:166,0
DA:168,0
DA:169,0
DA:170,0
DA:172,0
DA:173,0
DA:174,0
DA:175,0
DA:176,0
DA:177,0
DA:178,0
DA:187,0
DA:188,0
DA:190,0
DA:191,0
DA:192,0
DA:193,0
DA:194,0
DA:195,0
DA:202,0
DA:203,0
DA:205,0
DA:215,0
DA:216,0
DA:219,0
DA:221,0
DA:222,0
DA:223,0
DA:225,0
DA:226,0
DA:241,0
DA:243,0
DA:244,0
DA:245,0
DA:246,0
DA:247,0
DA:249,0
DA:250,0
DA:265,0
DA:266,0
DA:267,0
DA:268,0
DA:270,0
DA:272,0
DA:273,0
DA:274,0
DA:277,0
DA:278,0
DA:280,0
DA:281,0
DA:283,0
DA:290,0
DA:291,0
DA:293,0
LF:111
LH:44
end_of_record
SF:lib/data/model/server/custom.dart
DA:27,0
DA:38,0
DA:40,0
DA:42,0
DA:44,0
DA:46,0
DA:47,0
DA:48,0
DA:49,0
DA:50,0
DA:51,0
DA:52,0
DA:55,0
DA:58,0
DA:59,0
DA:60,0
DA:61,0
DA:62,0
DA:63,0
DA:64,0
LF:20
LH:0
end_of_record
SF:lib/data/model/server/custom.g.dart
DA:9,0
DA:10,0
DA:11,0
DA:12,0
DA:13,0
DA:15,0
DA:16,0
DA:17,0
DA:18,0
DA:21,0
DA:22,0
DA:23,0
DA:24,0
DA:25,0
DA:26,0
DA:27,0
DA:28,0
DA:29,0
LF:18
LH:0
end_of_record
SF:lib/data/model/server/disk_smart.dart
DA:11,1
DA:25,0
DA:27,1
DA:28,1
DA:30,5
DA:32,2
DA:34,2
DA:37,3
DA:39,1
DA:41,1
DA:45,1
DA:46,1
DA:47,2
DA:48,3
DA:51,1
DA:52,1
DA:54,2
DA:56,1
DA:58,1
DA:59,1
DA:72,2
DA:78,1
DA:79,1
DA:82,1
DA:83,1
DA:84,1
DA:85,1
DA:86,1
DA:87,1
DA:88,1
DA:91,3
DA:94,1
DA:96,1
DA:97,1
DA:98,0
DA:99,0
DA:103,1
DA:104,0
DA:106,0
DA:107,0
DA:112,1
DA:114,0
DA:115,0
DA:119,2
DA:123,2
DA:124,1
DA:125,2
DA:126,1
DA:132,2
DA:133,1
DA:134,1
DA:136,1
DA:145,0
DA:156,1
DA:164,1
DA:165,1
DA:167,2
DA:170,2
DA:171,1
DA:172,2
DA:174,2
DA:175,1
DA:177,1
DA:178,1
DA:179,1
DA:180,2
DA:181,2
DA:182,3
DA:183,2
DA:192,0
DA:195,1
DA:197,2
DA:198,2
DA:201,0
DA:204,0
DA:206,0
DA:208,0
DA:213,0
DA:214,0
DA:222,3
DA:224,4
DA:225,4
DA:226,4
DA:227,4
DA:228,4
DA:229,4
DA:231,0
DA:232,0
DA:237,1
DA:251,0
DA:253,0
DA:255,0
DA:261,1
DA:274,0
DA:276,1
DA:277,1
DA:278,1
DA:279,2
DA:280,2
DA:281,2
DA:282,2
DA:283,2
DA:284,2
DA:285,2
DA:289,0
DA:291,0
LF:106
LH:82
end_of_record
SF:lib/data/model/server/disk_smart.g.dart
DA:9,0
DA:10,0
DA:11,0
DA:12,0
DA:13,0
DA:14,0
DA:15,0
DA:16,0
DA:17,0
DA:18,0
DA:19,0
DA:23,1
DA:24,1
DA:25,1
DA:26,1
DA:27,1
DA:28,1
DA:29,1
DA:30,1
DA:31,1
DA:32,1
DA:33,1
DA:36,0
DA:37,0
DA:38,0
DA:39,0
DA:40,0
DA:41,0
DA:42,0
DA:43,0
DA:44,0
DA:45,0
DA:46,0
DA:47,0
DA:51,0
DA:52,0
DA:53,0
DA:54,0
DA:55,0
DA:56,0
DA:57,0
DA:58,0
DA:59,0
DA:60,0
DA:61,0
DA:64,0
DA:65,0
DA:66,0
DA:67,0
DA:68,0
DA:69,0
DA:70,0
DA:71,0
DA:72,0
DA:73,0
DA:76,0
DA:78,0
DA:79,0
DA:80,0
DA:81,0
DA:82,0
DA:83,0
DA:84,0
DA:85,0
DA:86,0
LF:65
LH:11
end_of_record
SF:lib/data/model/server/memory.dart
DA:8,7
DA:10,0
DA:11,0
DA:12,0
DA:14,0
DA:17,0
DA:19,0
DA:20,0
DA:22,0
DA:23,0
DA:24,0
DA:25,0
DA:26,0
DA:27,0
DA:28,0
DA:29,0
DA:30,0
DA:32,0
DA:36,0
DA:43,0
DA:45,0
DA:47,0
DA:50,0
DA:51,0
DA:52,0
DA:53,0
DA:55,0
DA:56,0
DA:57,0
DA:61,0
DA:63,0
DA:65,0
DA:68,0
DA:69,0
DA:70,0
DA:71,0
DA:72,0
DA:75,0
DA:76,0
DA:77,0
DA:78,0
DA:81,0
DA:85,0
DA:89,0
DA:90,0
DA:91,0
DA:92,0
DA:93,0
DA:94,0
DA:95,0
DA:96,0
DA:97,0
DA:98,0
DA:99,0
DA:101,0
DA:110,6
DA:112,0
DA:114,0
DA:116,0
DA:118,0
DA:121,0
DA:122,0
DA:124,0
DA:125,0
DA:126,0
DA:127,0
DA:128,0
DA:129,0
DA:130,0
DA:131,0
DA:132,0
DA:134,0
LF:72
LH:2
end_of_record
SF:lib/data/model/server/net_speed.dart
DA:13,1
DA:15,0
DA:16,0
DA:22,1
DA:24,0
DA:26,0
DA:27,0
DA:29,0
DA:30,0
DA:32,0
DA:33,0
DA:34,0
DA:35,0
DA:37,0
DA:53,0
DA:55,0
DA:56,0
DA:57,0
DA:58,0
DA:60,0
DA:61,0
DA:62,0
DA:65,0
DA:66,0
DA:67,0
DA:68,0
DA:72,0
DA:74,0
DA:75,0
DA:78,0
DA:79,0
DA:80,0
DA:82,0
DA:83,0
DA:84,0
DA:85,0
DA:86,0
DA:90,0
DA:92,0
DA:93,0
DA:96,0
DA:97,0
DA:98,0
DA:101,0
DA:102,0
DA:103,0
DA:104,0
DA:108,0
DA:110,0
DA:111,0
DA:114,0
DA:115,0
DA:116,0
DA:118,0
DA:119,0
DA:120,0
DA:121,0
DA:122,0
DA:126,0
DA:128,0
DA:129,0
DA:132,0
DA:134,0
DA:135,0
DA:136,0
DA:143,0
DA:150,0
DA:151,0
DA:152,0
DA:153,0
DA:156,0
DA:157,0
DA:159,0
DA:160,0
DA:162,0
DA:163,0
DA:164,0
DA:165,0
DA:166,0
DA:196,0
DA:197,0
DA:198,0
DA:199,0
DA:202,0
DA:203,0
DA:204,0
DA:205,0
DA:206,0
DA:209,0
DA:212,0
DA:215,0
DA:216,0
DA:217,0
LF:93
LH:2
end_of_record
SF:lib/data/model/server/nvdia.dart
DA:25,2
DA:26,2
DA:27,1
DA:28,3
DA:29,1
DA:30,3
DA:32,1
DA:33,1
DA:34,1
DA:35,1
DA:36,1
DA:37,2
DA:38,3
DA:39,3
DA:40,2
DA:41,3
DA:42,3
DA:43,3
DA:44,3
DA:45,1
DA:46,3
DA:47,3
DA:48,3
DA:50,1
DA:51,1
DA:53,3
DA:58,2
DA:60,1
DA:61,1
DA:62,1
DA:63,1
DA:64,1
DA:65,3
DA:67,1
DA:69,3
DA:70,3
DA:71,3
DA:72,1
DA:73,1
DA:74,3
DA:75,3
DA:77,1
DA:79,3
DA:84,2
DA:85,1
DA:98,1
DA:108,0
DA:110,0
DA:120,1
DA:122,0
DA:124,0
DA:133,1
DA:135,0
DA:137,0
LF:54
LH:48
end_of_record
SF:lib/data/model/server/sensors.dart
DA:6,6
DA:17,1
DA:18,1
DA:19,1
DA:20,1
DA:21,1
DA:22,0
DA:31,1
DA:33,0
DA:34,0
DA:35,0
DA:36,0
DA:37,0
DA:38,0
DA:40,0
DA:43,1
DA:44,3
DA:47,1
DA:48,2
DA:49,1
DA:51,3
DA:52,1
DA:53,1
DA:54,2
DA:55,1
DA:58,2
DA:61,3
DA:62,0
DA:65,1
DA:66,2
DA:68,1
DA:69,1
DA:70,1
DA:71,5
DA:73,1
DA:74,2
DA:75,1
DA:76,1
DA:77,2
DA:78,2
DA:79,2
DA:80,1
DA:82,2
LF:43
LH:34
end_of_record
SF:lib/data/model/server/temp.dart
DA:4,0
DA:5,0
DA:6,0
DA:7,0
DA:8,0
DA:9,0
DA:10,0
DA:13,0
DA:14,0
DA:18,0
DA:22,0
DA:23,0
DA:26,0
DA:27,0
DA:30,1
DA:31,2
DA:34,0
DA:35,0
DA:38,0
DA:39,0
DA:40,0
DA:43,0
LF:22
LH:2
end_of_record
SF:lib/data/model/server/wol_cfg.dart
DA:14,0
DA:16,0
DA:17,0
DA:18,0
DA:19,0
DA:20,0
DA:22,0
DA:29,0
DA:30,0
DA:31,0
DA:34,0
DA:35,0
DA:36,0
DA:37,0
DA:38,0
DA:41,0
DA:43,0
LF:17
LH:0
end_of_record
SF:lib/data/model/server/wol_cfg.g.dart
DA:9,0
DA:10,0
DA:11,0
DA:12,0
DA:15,0
DA:16,0
DA:17,0
DA:18,0
DA:19,0
LF:9
LH:0
end_of_record
SF:lib/data/store/server.dart
DA:9,0
DA:11,0
DA:13,0
DA:14,0
DA:17,0
DA:18,0
DA:19,0
DA:20,0
DA:22,0
DA:23,0
DA:24,0
DA:25,0
DA:28,0
DA:29,0
DA:32,0
DA:39,0
DA:45,0
DA:46,0
DA:49,0
DA:50,0
DA:51,0
DA:53,0
DA:54,0
DA:57,0
DA:59,0
DA:60,0
DA:61,0
DA:64,0
DA:65,0
DA:69,0
DA:72,0
DA:73,0
DA:74,0
DA:78,0
DA:79,0
DA:80,0
DA:83,0
DA:84,0
DA:85,0
DA:90,0
DA:92,0
DA:94,0
DA:95,0
DA:96,0
DA:97,0
DA:98,0
DA:104,0
DA:105,0
DA:106,0
DA:107,0
DA:108,0
DA:109,0
DA:110,0
DA:111,0
DA:116,0
DA:118,0
DA:119,0
DA:124,0
LF:58
LH:0
end_of_record
SF:lib/data/model/server/windows_parser.dart
DA:16,0
DA:19,1
DA:26,2
DA:27,0
DA:29,0
DA:30,0
DA:31,0
DA:32,0
DA:34,0
DA:36,0
DA:41,0
DA:46,1
DA:49,2
DA:50,4
DA:51,1
DA:53,1
DA:54,2
DA:59,1
DA:60,1
DA:61,1
DA:62,1
DA:63,1
DA:64,1
DA:65,1
DA:66,1
DA:67,1
DA:71,2
DA:72,1
DA:77,3
DA:81,1
DA:82,1
DA:85,3
DA:86,0
DA:90,1
DA:91,2
DA:92,2
DA:94,1
DA:95,3
DA:97,0
DA:100,0
DA:106,1
DA:108,1
DA:109,1
DA:111,1
DA:112,0
DA:113,0
DA:114,0
DA:116,0
DA:119,0
DA:120,0
DA:130,0
DA:131,0
DA:133,0
DA:134,0
DA:135,0
DA:146,1
DA:148,1
DA:150,1
DA:153,2
DA:154,2
DA:157,2
DA:158,2
DA:160,1
DA:161,1
DA:176,1
DA:184,1
DA:186,1
DA:187,1
DA:190,1
DA:191,1
DA:193,1
DA:204,1
DA:206,1
DA:207,1
DA:209,2
DA:211,2
DA:212,2
DA:214,3
DA:216,3
DA:217,0
DA:218,2
DA:221,1
DA:222,2
DA:223,2
DA:224,1
DA:227,0
DA:232,2
DA:233,2
DA:234,1
DA:235,2
DA:236,4
DA:239,1
DA:240,1
DA:254,3
DA:255,1
LF:95
LH:70
end_of_record
SF:lib/data/model/server/try_limiter.dart
DA:6,0
DA:8,0
DA:9,0
DA:10,0
DA:13,0
DA:14,0
DA:20,0
DA:21,0
DA:24,0
DA:25,0
DA:28,0
DA:29,0
LF:12
LH:0
end_of_record
SF:lib/data/model/ssh/virtual_key.dart
DA:59,0
DA:60,0
DA:61,0
DA:62,0
DA:63,0
DA:64,0
DA:65,0
DA:66,0
DA:67,0
DA:68,0
DA:69,0
DA:70,0
DA:71,0
DA:72,0
DA:73,0
DA:74,0
DA:75,0
DA:80,0
DA:81,0
DA:84,0
DA:85,0
DA:87,0
DA:88,0
DA:90,0
DA:113,0
DA:114,0
DA:115,0
DA:116,0
DA:117,0
DA:118,0
DA:119,0
DA:120,0
DA:121,0
DA:122,0
DA:123,0
DA:124,0
DA:125,0
DA:126,0
DA:127,0
DA:128,0
DA:129,0
DA:130,0
DA:131,0
DA:132,0
DA:133,0
DA:134,0
DA:135,0
DA:136,0
DA:137,0
DA:138,0
DA:143,0
DA:144,0
DA:145,0
DA:146,0
DA:147,0
DA:148,0
DA:149,0
DA:150,0
DA:151,0
DA:158,0
DA:159,0
DA:160,0
DA:161,0
DA:162,0
DA:166,0
DA:167,0
DA:171,0
DA:172,0
DA:176,0
DA:177,0
DA:178,0
DA:179,0
DA:184,0
DA:186,0
DA:187,0
DA:188,0
DA:189,0
DA:190,0
DA:192,0
LF:79
LH:0
end_of_record
SF:lib/data/store/container.dart
DA:8,0
DA:10,0
DA:12,0
DA:13,0
DA:16,0
DA:17,0
DA:20,0
DA:21,0
DA:23,0
DA:27,0
DA:30,0
DA:31,0
DA:35,0
DA:36,0
DA:38,0
DA:41,0
LF:16
LH:0
end_of_record
SF:lib/data/store/history.dart
DA:10,0
DA:13,0
DA:15,0
DA:16,0
DA:17,0
DA:18,0
DA:21,0
DA:29,0
DA:32,0
DA:34,0
DA:35,0
DA:36,0
DA:39,0
DA:43,0
DA:45,0
LF:15
LH:0
end_of_record
SF:lib/data/store/private_key.dart
DA:6,0
DA:8,0
DA:10,0
DA:11,0
DA:14,0
DA:15,0
DA:16,0
DA:17,0
DA:19,0
DA:20,0
DA:21,0
DA:22,0
DA:25,0
DA:26,0
DA:29,0
DA:36,0
DA:42,0
DA:44,0
DA:47,0
DA:48,0
LF:20
LH:0
end_of_record
SF:lib/data/store/setting.dart
DA:11,0
DA:13,0
LF:2
LH:0
end_of_record
SF:lib/data/store/snippet.dart
DA:6,0
DA:8,0
DA:10,0
DA:11,0
DA:14,0
DA:16,0
DA:17,0
DA:19,0
DA:20,0
DA:21,0
DA:22,0
DA:25,0
DA:26,0
DA:29,0
DA:36,0
DA:39,0
DA:42,0
DA:43,0
DA:46,0
DA:47,0
DA:48,0
DA:50,0
DA:51,0
DA:54,0
LF:24
LH:0
end_of_record
SF:lib/generated/l10n/l10n.dart
DA:75,0
DA:76,0
DA:80,0
DA:81,0
DA:1550,8
DA:1552,0
DA:1554,0
DA:1557,0
DA:1558,0
DA:1571,0
DA:1573,0
DA:1577,0
DA:1579,0
DA:1580,0
DA:1582,0
DA:1583,0
DA:1584,0
DA:1591,0
DA:1592,0
DA:1593,0
DA:1594,0
DA:1595,0
DA:1596,0
DA:1597,0
DA:1598,0
DA:1599,0
DA:1600,0
DA:1601,0
DA:1602,0
DA:1603,0
DA:1604,0
DA:1605,0
DA:1606,0
DA:1607,0
DA:1608,0
DA:1609,0
DA:1610,0
DA:1611,0
DA:1612,0
DA:1613,0
DA:1614,0
DA:1615,0
DA:1618,0
LF:43
LH:1
end_of_record
SF:lib/generated/l10n/l10n_en.dart
DA:9,0
DA:11,0
DA:15,0
DA:18,0
DA:22,0
DA:25,0
DA:28,0
DA:31,0
DA:35,0
DA:39,0
DA:42,0
DA:45,0
DA:48,0
DA:52,0
DA:55,0
DA:58,0
DA:62,0
DA:65,0
DA:68,0
DA:71,0
DA:74,0
DA:77,0
DA:80,0
DA:83,0
DA:87,0
DA:90,0
DA:93,0
DA:97,0
DA:100,0
DA:103,0
DA:107,0
DA:110,0
DA:113,0
DA:117,0
DA:120,0
DA:123,0
DA:127,0
DA:130,0
DA:133,0
DA:136,0
DA:139,0
DA:143,0
DA:146,0
DA:149,0
DA:152,0
DA:155,0
DA:158,0
DA:161,0
DA:163,0
DA:166,0
DA:170,0
DA:172,0
DA:175,0
DA:178,0
DA:183,0
DA:186,0
DA:188,0
DA:191,0
DA:194,0
DA:198,0
DA:201,0
DA:204,0
DA:208,0
DA:211,0
DA:214,0
DA:217,0
DA:220,0
DA:223,0
DA:226,0
DA:230,0
DA:233,0
DA:237,0
DA:239,0
DA:242,0
DA:245,0
DA:248,0
DA:251,0
DA:254,0
DA:257,0
DA:260,0
DA:263,0
DA:267,0
DA:270,0
DA:273,0
DA:276,0
DA:279,0
DA:282,0
DA:285,0
DA:287,0
DA:290,0
DA:293,0
DA:296,0
DA:299,0
DA:302,0
DA:305,0
DA:308,0
DA:312,0
DA:315,0
DA:318,0
DA:321,0
DA:324,0
DA:328,0
DA:331,0
DA:334,0
DA:338,0
DA:341,0
DA:344,0
DA:347,0
DA:349,0
DA:352,0
DA:355,0
DA:358,0
DA:361,0
DA:364,0
DA:367,0
DA:370,0
DA:373,0
DA:377,0
DA:380,0
DA:384,0
DA:387,0
DA:390,0
DA:393,0
DA:396,0
DA:399,0
DA:402,0
DA:406,0
DA:409,0
DA:412,0
DA:415,0
DA:418,0
DA:421,0
DA:425,0
DA:428,0
DA:432,0
DA:436,0
DA:438,0
DA:441,0
DA:444,0
DA:447,0
DA:450,0
DA:454,0
DA:457,0
DA:460,0
DA:463,0
DA:466,0
DA:469,0
DA:472,0
DA:475,0
DA:478,0
DA:481,0
DA:485,0
DA:489,0
DA:493,0
DA:496,0
DA:499,0
DA:502,0
DA:505,0
DA:508,0
DA:511,0
DA:514,0
DA:517,0
DA:520,0
DA:523,0
DA:526,0
DA:529,0
DA:532,0
DA:535,0
DA:538,0
DA:541,0
DA:544,0
DA:547,0
DA:550,0
DA:553,0
DA:556,0
DA:559,0
DA:562,0
DA:566,0
DA:569,0
DA:572,0
DA:575,0
DA:578,0
DA:581,0
DA:584,0
DA:587,0
DA:590,0
DA:593,0
DA:597,0
DA:600,0
DA:602,0
DA:605,0
DA:609,0
DA:611,0
DA:614,0
DA:617,0
DA:620,0
DA:623,0
DA:626,0
DA:629,0
DA:632,0
DA:635,0
DA:639,0
DA:642,0
DA:646,0
DA:648,0
DA:651,0
DA:654,0
DA:658,0
DA:661,0
DA:664,0
DA:667,0
DA:671,0
DA:674,0
DA:677,0
DA:680,0
DA:684,0
DA:687,0
DA:690,0
DA:693,0
DA:696,0
DA:699,0
DA:702,0
DA:705,0
DA:708,0
DA:711,0
DA:714,0
DA:718,0
DA:721,0
DA:724,0
DA:727,0
DA:730,0
DA:733,0
DA:737,0
DA:740,0
DA:743,0
DA:746,0
DA:749,0
DA:752,0
DA:756,0
DA:759,0
DA:762,0
DA:766,0
DA:769,0
DA:772,0
DA:775,0
DA:778,0
DA:782,0
DA:785,0
DA:789,0
LF:249
LH:0
end_of_record
SF:lib/data/model/server/pve.dart
DA:11,2
DA:12,1
DA:13,1
DA:14,1
DA:15,1
DA:16,1
DA:20,0
DA:21,0
DA:22,0
DA:23,0
DA:24,0
DA:25,0
DA:34,1
DA:35,2
DA:38,1
DA:39,1
DA:40,1
DA:41,1
DA:42,1
DA:43,1
DA:44,1
DA:45,1
DA:46,1
DA:47,1
DA:84,1
DA:104,1
DA:105,1
DA:106,1
DA:108,1
DA:109,1
DA:110,1
DA:111,1
DA:112,1
DA:113,1
DA:114,1
DA:115,2
DA:116,1
DA:117,1
DA:118,1
DA:119,1
DA:120,1
DA:121,1
DA:122,1
DA:126,0
DA:127,0
DA:129,0
DA:131,0
DA:132,0
DA:134,0
DA:162,1
DA:182,1
DA:183,1
DA:184,1
DA:186,1
DA:187,1
DA:188,1
DA:189,1
DA:190,1
DA:191,1
DA:192,1
DA:193,2
DA:194,1
DA:195,1
DA:196,1
DA:197,1
DA:198,1
DA:199,1
DA:200,1
DA:204,0
DA:205,0
DA:207,0
DA:209,0
DA:210,0
DA:212,0
DA:230,1
DA:242,1
DA:243,1
DA:244,1
DA:246,1
DA:247,1
DA:248,1
DA:249,1
DA:250,1
DA:251,2
DA:252,1
DA:256,0
DA:258,0
DA:259,0
DA:260,0
DA:262,0
DA:282,1
DA:295,1
DA:296,1
DA:297,1
DA:299,1
DA:300,1
DA:301,1
DA:302,1
DA:303,1
DA:304,1
DA:305,1
DA:306,1
DA:310,0
DA:311,0
DA:313,0
DA:314,0
DA:316,0
DA:318,0
DA:319,0
DA:321,0
DA:336,1
DA:338,1
DA:339,1
DA:340,1
DA:342,1
DA:343,1
DA:344,1
DA:348,0
DA:349,0
DA:351,0
DA:352,0
DA:354,0
DA:355,0
DA:365,0
DA:373,0
DA:375,0
DA:377,0
DA:378,0
DA:379,0
DA:381,0
DA:382,0
DA:383,0
DA:385,0
DA:386,0
DA:387,0
DA:389,0
DA:390,0
DA:391,0
DA:393,0
DA:394,0
DA:397,0
DA:399,0
DA:400,0
DA:401,0
DA:402,0
DA:403,0
DA:404,0
DA:405,0
DA:407,0
DA:408,0
DA:409,0
DA:411,0
DA:412,0
DA:414,0
DA:415,0
DA:417,0
DA:418,0
DA:420,0
DA:421,0
DA:427,0
DA:428,0
DA:429,0
DA:430,0
DA:431,0
DA:434,0
LF:165
LH:86
end_of_record
SF:lib/generated/l10n/l10n_de.dart
DA:9,0
DA:11,0
DA:15,0
DA:18,0
DA:22,0
DA:25,0
DA:28,0
DA:31,0
DA:35,0
DA:39,0
DA:42,0
DA:45,0
DA:48,0
DA:52,0
DA:56,0
DA:59,0
DA:63,0
DA:66,0
DA:69,0
DA:72,0
DA:75,0
DA:78,0
DA:81,0
DA:84,0
DA:88,0
DA:91,0
DA:94,0
DA:98,0
DA:101,0
DA:104,0
DA:108,0
DA:111,0
DA:114,0
DA:118,0
DA:121,0
DA:124,0
DA:128,0
DA:131,0
DA:134,0
DA:137,0
DA:140,0
DA:144,0
DA:147,0
DA:150,0
DA:153,0
DA:156,0
DA:159,0
DA:162,0
DA:164,0
DA:167,0
DA:171,0
DA:173,0
DA:176,0
DA:179,0
DA:184,0
DA:187,0
DA:189,0
DA:192,0
DA:195,0
DA:199,0
DA:202,0
DA:205,0
DA:209,0
DA:212,0
DA:215,0
DA:218,0
DA:221,0
DA:224,0
DA:227,0
DA:231,0
DA:234,0
DA:238,0
DA:240,0
DA:243,0
DA:246,0
DA:249,0
DA:252,0
DA:255,0
DA:258,0
DA:261,0
DA:264,0
DA:268,0
DA:271,0
DA:274,0
DA:277,0
DA:280,0
DA:283,0
DA:286,0
DA:288,0
DA:291,0
DA:294,0
DA:297,0
DA:300,0
DA:303,0
DA:306,0
DA:309,0
DA:313,0
DA:316,0
DA:319,0
DA:322,0
DA:325,0
DA:329,0
DA:332,0
DA:335,0
DA:339,0
DA:342,0
DA:345,0
DA:348,0
DA:350,0
DA:353,0
DA:356,0
DA:359,0
DA:362,0
DA:366,0
DA:369,0
DA:372,0
DA:375,0
DA:379,0
DA:382,0
DA:386,0
DA:389,0
DA:392,0
DA:395,0
DA:398,0
DA:401,0
DA:404,0
DA:408,0
DA:411,0
DA:414,0
DA:417,0
DA:420,0
DA:423,0
DA:427,0
DA:430,0
DA:434,0
DA:438,0
DA:440,0
DA:443,0
DA:446,0
DA:449,0
DA:452,0
DA:456,0
DA:459,0
DA:462,0
DA:465,0
DA:468,0
DA:471,0
DA:474,0
DA:477,0
DA:480,0
DA:483,0
DA:487,0
DA:491,0
DA:495,0
DA:498,0
DA:501,0
DA:504,0
DA:507,0
DA:510,0
DA:513,0
DA:516,0
DA:519,0
DA:522,0
DA:525,0
DA:528,0
DA:531,0
DA:535,0
DA:538,0
DA:541,0
DA:544,0
DA:547,0
DA:550,0
DA:553,0
DA:556,0
DA:559,0
DA:562,0
DA:565,0
DA:569,0
DA:573,0
DA:576,0
DA:579,0
DA:582,0
DA:585,0
DA:588,0
DA:591,0
DA:594,0
DA:597,0
DA:601,0
DA:604,0
DA:606,0
DA:609,0
DA:613,0
DA:615,0
DA:618,0
DA:622,0
DA:625,0
DA:628,0
DA:631,0
DA:634,0
DA:637,0
DA:640,0
DA:644,0
DA:647,0
DA:651,0
DA:653,0
DA:656,0
DA:659,0
DA:663,0
DA:666,0
DA:669,0
DA:672,0
DA:676,0
DA:679,0
DA:682,0
DA:685,0
DA:689,0
DA:692,0
DA:695,0
DA:698,0
DA:701,0
DA:704,0
DA:707,0
DA:710,0
DA:713,0
DA:716,0
DA:719,0
DA:723,0
DA:727,0
DA:730,0
DA:733,0
DA:736,0
DA:739,0
DA:743,0
DA:746,0
DA:749,0
DA:752,0
DA:755,0
DA:758,0
DA:762,0
DA:765,0
DA:768,0
DA:772,0
DA:775,0
DA:778,0
DA:781,0
DA:784,0
DA:788,0
DA:791,0
DA:795,0
LF:249
LH:0
end_of_record
SF:lib/generated/l10n/l10n_es.dart
DA:9,0
DA:11,0
DA:14,0
DA:17,0
DA:21,0
DA:24,0
DA:27,0
DA:30,0
DA:34,0
DA:38,0
DA:41,0
DA:44,0
DA:48,0
DA:52,0
DA:56,0
DA:59,0
DA:63,0
DA:66,0
DA:69,0
DA:72,0
DA:75,0
DA:78,0
DA:81,0
DA:84,0
DA:88,0
DA:91,0
DA:94,0
DA:98,0
DA:101,0
DA:104,0
DA:108,0
DA:111,0
DA:114,0
DA:118,0
DA:121,0
DA:124,0
DA:128,0
DA:131,0
DA:134,0
DA:137,0
DA:140,0
DA:144,0
DA:147,0
DA:150,0
DA:153,0
DA:156,0
DA:159,0
DA:162,0
DA:164,0
DA:167,0
DA:171,0
DA:173,0
DA:176,0
DA:179,0
DA:184,0
DA:187,0
DA:189,0
DA:192,0
DA:195,0
DA:199,0
DA:202,0
DA:205,0
DA:209,0
DA:212,0
DA:215,0
DA:218,0
DA:221,0
DA:224,0
DA:227,0
DA:231,0
DA:234,0
DA:238,0
DA:240,0
DA:243,0
DA:246,0
DA:249,0
DA:252,0
DA:255,0
DA:258,0
DA:261,0
DA:264,0
DA:268,0
DA:271,0
DA:274,0
DA:277,0
DA:280,0
DA:283,0
DA:286,0
DA:288,0
DA:291,0
DA:294,0
DA:297,0
DA:300,0
DA:303,0
DA:306,0
DA:309,0
DA:313,0
DA:316,0
DA:319,0
DA:322,0
DA:325,0
DA:329,0
DA:332,0
DA:335,0
DA:339,0
DA:342,0
DA:345,0
DA:348,0
DA:350,0
DA:353,0
DA:356,0
DA:359,0
DA:363,0
DA:366,0
DA:369,0
DA:372,0
DA:375,0
DA:379,0
DA:382,0
DA:386,0
DA:389,0
DA:392,0
DA:395,0
DA:398,0
DA:401,0
DA:404,0
DA:408,0
DA:411,0
DA:414,0
DA:417,0
DA:420,0
DA:423,0
DA:427,0
DA:430,0
DA:434,0
DA:438,0
DA:440,0
DA:443,0
DA:446,0
DA:449,0
DA:453,0
DA:457,0
DA:460,0
DA:463,0
DA:466,0
DA:470,0
DA:473,0
DA:476,0
DA:479,0
DA:482,0
DA:485,0
DA:489,0
DA:493,0
DA:497,0
DA:500,0
DA:503,0
DA:506,0
DA:510,0
DA:513,0
DA:516,0
DA:519,0
DA:522,0
DA:525,0
DA:528,0
DA:531,0
DA:534,0
DA:537,0
DA:540,0
DA:543,0
DA:546,0
DA:549,0
DA:552,0
DA:555,0
DA:559,0
DA:562,0
DA:565,0
DA:568,0
DA:572,0
DA:576,0
DA:579,0
DA:582,0
DA:585,0
DA:588,0
DA:591,0
DA:594,0
DA:597,0
DA:600,0
DA:604,0
DA:607,0
DA:609,0
DA:612,0
DA:616,0
DA:618,0
DA:621,0
DA:625,0
DA:628,0
DA:631,0
DA:634,0
DA:637,0
DA:640,0
DA:643,0
DA:646,0
DA:649,0
DA:653,0
DA:655,0
DA:658,0
DA:661,0
DA:665,0
DA:668,0
DA:671,0
DA:674,0
DA:678,0
DA:681,0
DA:684,0
DA:687,0
DA:691,0
DA:694,0
DA:697,0
DA:700,0
DA:703,0
DA:706,0
DA:709,0
DA:712,0
DA:715,0
DA:718,0
DA:721,0
DA:725,0
DA:729,0
DA:732,0
DA:735,0
DA:738,0
DA:741,0
DA:745,0
DA:748,0
DA:751,0
DA:754,0
DA:757,0
DA:760,0
DA:764,0
DA:767,0
DA:770,0
DA:774,0
DA:777,0
DA:780,0
DA:783,0
DA:786,0
DA:790,0
DA:793,0
DA:797,0
LF:249
LH:0
end_of_record
SF:lib/generated/l10n/l10n_fr.dart
DA:9,0
DA:11,0
DA:14,0
DA:17,0
DA:21,0
DA:24,0
DA:27,0
DA:30,0
DA:34,0
DA:38,0
DA:41,0
DA:44,0
DA:48,0
DA:52,0
DA:56,0
DA:59,0
DA:63,0
DA:66,0
DA:69,0
DA:72,0
DA:75,0
DA:78,0
DA:81,0
DA:84,0
DA:88,0
DA:91,0
DA:94,0
DA:98,0
DA:101,0
DA:104,0
DA:108,0
DA:111,0
DA:114,0
DA:118,0
DA:121,0
DA:124,0
DA:128,0
DA:131,0
DA:134,0
DA:137,0
DA:140,0
DA:144,0
DA:147,0
DA:150,0
DA:153,0
DA:156,0
DA:159,0
DA:162,0
DA:164,0
DA:167,0
DA:171,0
DA:173,0
DA:176,0
DA:179,0
DA:184,0
DA:187,0
DA:189,0
DA:192,0
DA:195,0
DA:199,0
DA:202,0
DA:205,0
DA:209,0
DA:212,0
DA:215,0
DA:218,0
DA:221,0
DA:224,0
DA:227,0
DA:231,0
DA:234,0
DA:238,0
DA:240,0
DA:243,0
DA:246,0
DA:249,0
DA:252,0
DA:255,0
DA:258,0
DA:261,0
DA:264,0
DA:268,0
DA:271,0
DA:274,0
DA:277,0
DA:280,0
DA:283,0
DA:286,0
DA:288,0
DA:291,0
DA:294,0
DA:297,0
DA:300,0
DA:303,0
DA:306,0
DA:309,0
DA:313,0
DA:316,0
DA:319,0
DA:322,0
DA:325,0
DA:329,0
DA:332,0
DA:335,0
DA:339,0
DA:342,0
DA:345,0
DA:348,0
DA:350,0
DA:353,0
DA:356,0
DA:359,0
DA:362,0
DA:365,0
DA:368,0
DA:371,0
DA:374,0
DA:378,0
DA:381,0
DA:385,0
DA:388,0
DA:391,0
DA:394,0
DA:397,0
DA:400,0
DA:404,0
DA:408,0
DA:411,0
DA:414,0
DA:417,0
DA:420,0
DA:424,0
DA:428,0
DA:431,0
DA:435,0
DA:439,0
DA:441,0
DA:444,0
DA:447,0
DA:450,0
DA:454,0
DA:458,0
DA:461,0
DA:464,0
DA:467,0
DA:471,0
DA:474,0
DA:477,0
DA:480,0
DA:483,0
DA:486,0
DA:490,0
DA:494,0
DA:498,0
DA:501,0
DA:504,0
DA:507,0
DA:511,0
DA:514,0
DA:517,0
DA:520,0
DA:523,0
DA:526,0
DA:529,0
DA:532,0
DA:535,0
DA:538,0
DA:541,0
DA:544,0
DA:547,0
DA:550,0
DA:553,0
DA:556,0
DA:560,0
DA:563,0
DA:566,0
DA:569,0
DA:573,0
DA:577,0
DA:580,0
DA:583,0
DA:586,0
DA:589,0
DA:592,0
DA:595,0
DA:598,0
DA:601,0
DA:605,0
DA:608,0
DA:610,0
DA:613,0
DA:617,0
DA:619,0
DA:622,0
DA:626,0
DA:629,0
DA:632,0
DA:635,0
DA:638,0
DA:641,0
DA:644,0
DA:648,0
DA:651,0
DA:655,0
DA:657,0
DA:660,0
DA:663,0
DA:667,0
DA:670,0
DA:673,0
DA:676,0
DA:680,0
DA:683,0
DA:686,0
DA:689,0
DA:693,0
DA:696,0
DA:699,0
DA:702,0
DA:705,0
DA:708,0
DA:711,0
DA:714,0
DA:717,0
DA:720,0
DA:723,0
DA:727,0
DA:731,0
DA:734,0
DA:737,0
DA:740,0
DA:743,0
DA:747,0
DA:750,0
DA:753,0
DA:756,0
DA:759,0
DA:762,0
DA:766,0
DA:769,0
DA:772,0
DA:776,0
DA:779,0
DA:782,0
DA:785,0
DA:788,0
DA:792,0
DA:795,0
DA:799,0
LF:249
LH:0
end_of_record
SF:lib/generated/l10n/l10n_id.dart
DA:9,0
DA:11,0
DA:15,0
DA:18,0
DA:22,0
DA:25,0
DA:28,0
DA:31,0
DA:35,0
DA:39,0
DA:42,0
DA:45,0
DA:48,0
DA:52,0
DA:55,0
DA:58,0
DA:62,0
DA:65,0
DA:68,0
DA:71,0
DA:74,0
DA:77,0
DA:80,0
DA:83,0
DA:87,0
DA:90,0
DA:93,0
DA:97,0
DA:100,0
DA:103,0
DA:107,0
DA:110,0
DA:113,0
DA:117,0
DA:120,0
DA:123,0
DA:127,0
DA:130,0
DA:133,0
DA:136,0
DA:139,0
DA:143,0
DA:146,0
DA:149,0
DA:152,0
DA:155,0
DA:158,0
DA:161,0
DA:163,0
DA:166,0
DA:170,0
DA:172,0
DA:175,0
DA:178,0
DA:183,0
DA:186,0
DA:188,0
DA:191,0
DA:194,0
DA:198,0
DA:201,0
DA:204,0
DA:208,0
DA:211,0
DA:214,0
DA:217,0
DA:220,0
DA:223,0
DA:226,0
DA:230,0
DA:233,0
DA:237,0
DA:239,0
DA:242,0
DA:245,0
DA:248,0
DA:251,0
DA:254,0
DA:257,0
DA:260,0
DA:263,0
DA:267,0
DA:270,0
DA:273,0
DA:276,0
DA:279,0
DA:282,0
DA:285,0
DA:287,0
DA:290,0
DA:293,0
DA:296,0
DA:299,0
DA:302,0
DA:305,0
DA:308,0
DA:312,0
DA:315,0
DA:318,0
DA:321,0
DA:324,0
DA:328,0
DA:331,0
DA:334,0
DA:338,0
DA:341,0
DA:344,0
DA:347,0
DA:349,0
DA:352,0
DA:355,0
DA:358,0
DA:361,0
DA:364,0
DA:367,0
DA:370,0
DA:373,0
DA:377,0
DA:380,0
DA:384,0
DA:387,0
DA:390,0
DA:393,0
DA:396,0
DA:399,0
DA:402,0
DA:406,0
DA:409,0
DA:412,0
DA:415,0
DA:418,0
DA:422,0
DA:425,0
DA:428,0
DA:432,0
DA:436,0
DA:438,0
DA:441,0
DA:444,0
DA:447,0
DA:450,0
DA:454,0
DA:457,0
DA:460,0
DA:463,0
DA:466,0
DA:469,0
DA:472,0
DA:475,0
DA:478,0
DA:481,0
DA:485,0
DA:489,0
DA:493,0
DA:496,0
DA:499,0
DA:502,0
DA:506,0
DA:509,0
DA:512,0
DA:515,0
DA:518,0
DA:521,0
DA:524,0
DA:527,0
DA:530,0
DA:533,0
DA:536,0
DA:539,0
DA:542,0
DA:545,0
DA:548,0
DA:551,0
DA:554,0
DA:557,0
DA:560,0
DA:563,0
DA:567,0
DA:570,0
DA:573,0
DA:576,0
DA:579,0
DA:582,0
DA:585,0
DA:588,0
DA:591,0
DA:594,0
DA:598,0
DA:601,0
DA:603,0
DA:606,0
DA:610,0
DA:612,0
DA:615,0
DA:618,0
DA:621,0
DA:624,0
DA:627,0
DA:630,0
DA:633,0
DA:636,0
DA:639,0
DA:642,0
DA:646,0
DA:648,0
DA:651,0
DA:654,0
DA:658,0
DA:661,0
DA:664,0
DA:667,0
DA:671,0
DA:674,0
DA:677,0
DA:680,0
DA:684,0
DA:687,0
DA:690,0
DA:693,0
DA:696,0
DA:699,0
DA:702,0
DA:705,0
DA:708,0
DA:711,0
DA:714,0
DA:718,0
DA:721,0
DA:724,0
DA:727,0
DA:730,0
DA:733,0
DA:737,0
DA:740,0
DA:743,0
DA:746,0
DA:749,0
DA:752,0
DA:756,0
DA:759,0
DA:762,0
DA:765,0
DA:768,0
DA:771,0
DA:774,0
DA:777,0
DA:781,0
DA:784,0
DA:788,0
LF:249
LH:0
end_of_record
SF:lib/generated/l10n/l10n_ja.dart
DA:9,0
DA:11,0
DA:14,0
DA:17,0
DA:21,0
DA:24,0
DA:27,0
DA:30,0
DA:33,0
DA:36,0
DA:39,0
DA:42,0
DA:45,0
DA:48,0
DA:51,0
DA:54,0
DA:58,0
DA:61,0
DA:64,0
DA:67,0
DA:70,0
DA:73,0
DA:76,0
DA:79,0
DA:83,0
DA:86,0
DA:89,0
DA:92,0
DA:95,0
DA:98,0
DA:102,0
DA:105,0
DA:108,0
DA:111,0
DA:114,0
DA:117,0
DA:121,0
DA:124,0
DA:127,0
DA:130,0
DA:133,0
DA:136,0
DA:139,0
DA:142,0
DA:145,0
DA:148,0
DA:151,0
DA:154,0
DA:156,0
DA:159,0
DA:163,0
DA:165,0
DA:168,0
DA:171,0
DA:176,0
DA:179,0
DA:181,0
DA:184,0
DA:187,0
DA:191,0
DA:194,0
DA:197,0
DA:201,0
DA:204,0
DA:207,0
DA:210,0
DA:213,0
DA:216,0
DA:219,0
DA:223,0
DA:226,0
DA:230,0
DA:232,0
DA:235,0
DA:238,0
DA:241,0
DA:244,0
DA:247,0
DA:250,0
DA:253,0
DA:256,0
DA:260,0
DA:263,0
DA:266,0
DA:269,0
DA:272,0
DA:275,0
DA:278,0
DA:280,0
DA:283,0
DA:286,0
DA:289,0
DA:292,0
DA:295,0
DA:298,0
DA:301,0
DA:305,0
DA:308,0
DA:311,0
DA:314,0
DA:317,0
DA:320,0
DA:323,0
DA:326,0
DA:329,0
DA:332,0
DA:335,0
DA:338,0
DA:340,0
DA:343,0
DA:346,0
DA:349,0
DA:352,0
DA:355,0
DA:358,0
DA:361,0
DA:364,0
DA:368,0
DA:371,0
DA:375,0
DA:378,0
DA:381,0
DA:384,0
DA:387,0
DA:390,0
DA:393,0
DA:396,0
DA:399,0
DA:402,0
DA:405,0
DA:408,0
DA:411,0
DA:414,0
DA:417,0
DA:420,0
DA:423,0
DA:425,0
DA:428,0
DA:431,0
DA:434,0
DA:437,0
DA:440,0
DA:443,0
DA:446,0
DA:449,0
DA:452,0
DA:455,0
DA:458,0
DA:461,0
DA:464,0
DA:467,0
DA:471,0
DA:475,0
DA:478,0
DA:481,0
DA:484,0
DA:487,0
DA:490,0
DA:493,0
DA:496,0
DA:499,0
DA:502,0
DA:505,0
DA:508,0
DA:511,0
DA:514,0
DA:517,0
DA:520,0
DA:523,0
DA:526,0
DA:529,0
DA:532,0
DA:535,0
DA:538,0
DA:541,0
DA:544,0
DA:547,0
DA:551,0
DA:554,0
DA:557,0
DA:560,0
DA:563,0
DA:566,0
DA:569,0
DA:572,0
DA:575,0
DA:578,0
DA:582,0
DA:585,0
DA:587,0
DA:590,0
DA:594,0
DA:596,0
DA:599,0
DA:602,0
DA:605,0
DA:608,0
DA:611,0
DA:614,0
DA:617,0
DA:620,0
DA:623,0
DA:626,0
DA:629,0
DA:631,0
DA:634,0
DA:637,0
DA:640,0
DA:643,0
DA:646,0
DA:649,0
DA:653,0
DA:656,0
DA:659,0
DA:662,0
DA:666,0
DA:669,0
DA:672,0
DA:675,0
DA:678,0
DA:681,0
DA:684,0
DA:687,0
DA:690,0
DA:693,0
DA:696,0
DA:700,0
DA:703,0
DA:706,0
DA:709,0
DA:712,0
DA:715,0
DA:718,0
DA:721,0
DA:724,0
DA:727,0
DA:730,0
DA:733,0
DA:737,0
DA:740,0
DA:743,0
DA:746,0
DA:749,0
DA:752,0
DA:755,0
DA:758,0
DA:761,0
DA:764,0
DA:768,0
LF:249
LH:0
end_of_record
SF:lib/generated/l10n/l10n_nl.dart
DA:9,0
DA:11,0
DA:15,0
DA:18,0
DA:22,0
DA:25,0
DA:28,0
DA:31,0
DA:35,0
DA:39,0
DA:42,0
DA:45,0
DA:48,0
DA:52,0
DA:55,0
DA:58,0
DA:62,0
DA:65,0
DA:68,0
DA:71,0
DA:74,0
DA:77,0
DA:80,0
DA:83,0
DA:87,0
DA:90,0
DA:93,0
DA:97,0
DA:100,0
DA:103,0
DA:107,0
DA:110,0
DA:113,0
DA:117,0
DA:120,0
DA:123,0
DA:127,0
DA:130,0
DA:133,0
DA:136,0
DA:139,0
DA:143,0
DA:146,0
DA:149,0
DA:152,0
DA:155,0
DA:158,0
DA:161,0
DA:163,0
DA:166,0
DA:170,0
DA:172,0
DA:175,0
DA:178,0
DA:183,0
DA:186,0
DA:188,0
DA:191,0
DA:194,0
DA:198,0
DA:201,0
DA:204,0
DA:208,0
DA:211,0
DA:214,0
DA:217,0
DA:220,0
DA:223,0
DA:226,0
DA:230,0
DA:233,0
DA:237,0
DA:239,0
DA:242,0
DA:245,0
DA:248,0
DA:251,0
DA:254,0
DA:257,0
DA:260,0
DA:263,0
DA:267,0
DA:270,0
DA:273,0
DA:276,0
DA:279,0
DA:282,0
DA:285,0
DA:287,0
DA:290,0
DA:293,0
DA:296,0
DA:299,0
DA:302,0
DA:305,0
DA:308,0
DA:312,0
DA:315,0
DA:318,0
DA:321,0
DA:324,0
DA:328,0
DA:331,0
DA:334,0
DA:338,0
DA:341,0
DA:344,0
DA:347,0
DA:349,0
DA:352,0
DA:355,0
DA:358,0
DA:361,0
DA:364,0
DA:367,0
DA:370,0
DA:373,0
DA:377,0
DA:380,0
DA:384,0
DA:387,0
DA:390,0
DA:393,0
DA:396,0
DA:399,0
DA:402,0
DA:406,0
DA:409,0
DA:412,0
DA:415,0
DA:418,0
DA:421,0
DA:425,0
DA:428,0
DA:432,0
DA:436,0
DA:438,0
DA:441,0
DA:444,0
DA:447,0
DA:450,0
DA:454,0
DA:457,0
DA:460,0
DA:463,0
DA:467,0
DA:470,0
DA:473,0
DA:476,0
DA:479,0
DA:482,0
DA:486,0
DA:490,0
DA:494,0
DA:497,0
DA:500,0
DA:503,0
DA:507,0
DA:510,0
DA:513,0
DA:516,0
DA:519,0
DA:522,0
DA:525,0
DA:528,0
DA:531,0
DA:534,0
DA:537,0
DA:540,0
DA:543,0
DA:546,0
DA:549,0
DA:552,0
DA:555,0
DA:558,0
DA:561,0
DA:564,0
DA:568,0
DA:572,0
DA:575,0
DA:578,0
DA:581,0
DA:584,0
DA:587,0
DA:590,0
DA:593,0
DA:596,0
DA:600,0
DA:603,0
DA:605,0
DA:608,0
DA:612,0
DA:614,0
DA:617,0
DA:621,0
DA:624,0
DA:627,0
DA:630,0
DA:633,0
DA:636,0
DA:639,0
DA:643,0
DA:646,0
DA:650,0
DA:652,0
DA:655,0
DA:658,0
DA:662,0
DA:665,0
DA:668,0
DA:671,0
DA:675,0
DA:678,0
DA:681,0
DA:684,0
DA:688,0
DA:691,0
DA:694,0
DA:697,0
DA:700,0
DA:703,0
DA:706,0
DA:709,0
DA:712,0
DA:715,0
DA:718,0
DA:722,0
DA:726,0
DA:729,0
DA:732,0
DA:735,0
DA:738,0
DA:742,0
DA:745,0
DA:748,0
DA:751,0
DA:754,0
DA:757,0
DA:761,0
DA:764,0
DA:767,0
DA:771,0
DA:774,0
DA:777,0
DA:780,0
DA:783,0
DA:787,0
DA:790,0
DA:794,0
LF:249
LH:0
end_of_record
SF:lib/generated/l10n/l10n_pt.dart
DA:9,0
DA:11,0
DA:14,0
DA:17,0
DA:21,0
DA:24,0
DA:27,0
DA:30,0
DA:34,0
DA:38,0
DA:41,0
DA:44,0
DA:48,0
DA:52,0
DA:56,0
DA:59,0
DA:63,0
DA:66,0
DA:69,0
DA:72,0
DA:75,0
DA:78,0
DA:81,0
DA:84,0
DA:88,0
DA:91,0
DA:94,0
DA:97,0
DA:100,0
DA:103,0
DA:107,0
DA:110,0
DA:113,0
DA:117,0
DA:120,0
DA:123,0
DA:127,0
DA:130,0
DA:133,0
DA:136,0
DA:139,0
DA:143,0
DA:146,0
DA:149,0
DA:152,0
DA:155,0
DA:158,0
DA:161,0
DA:163,0
DA:166,0
DA:170,0
DA:172,0
DA:175,0
DA:178,0
DA:183,0
DA:186,0
DA:188,0
DA:191,0
DA:194,0
DA:198,0
DA:201,0
DA:204,0
DA:208,0
DA:211,0
DA:214,0
DA:217,0
DA:220,0
DA:223,0
DA:226,0
DA:230,0
DA:233,0
DA:237,0
DA:239,0
DA:242,0
DA:245,0
DA:248,0
DA:251,0
DA:254,0
DA:257,0
DA:260,0
DA:263,0
DA:267,0
DA:270,0
DA:273,0
DA:276,0
DA:279,0
DA:283,0
DA:286,0
DA:288,0
DA:291,0
DA:294,0
DA:297,0
DA:300,0
DA:303,0
DA:306,0
DA:309,0
DA:313,0
DA:316,0
DA:319,0
DA:322,0
DA:325,0
DA:328,0
DA:331,0
DA:334,0
DA:338,0
DA:341,0
DA:344,0
DA:347,0
DA:349,0
DA:352,0
DA:355,0
DA:358,0
DA:362,0
DA:365,0
DA:368,0
DA:371,0
DA:374,0
DA:378,0
DA:381,0
DA:385,0
DA:388,0
DA:391,0
DA:394,0
DA:397,0
DA:400,0
DA:403,0
DA:407,0
DA:410,0
DA:413,0
DA:416,0
DA:419,0
DA:422,0
DA:426,0
DA:429,0
DA:433,0
DA:437,0
DA:439,0
DA:442,0
DA:445,0
DA:448,0
DA:451,0
DA:455,0
DA:458,0
DA:461,0
DA:464,0
DA:467,0
DA:470,0
DA:473,0
DA:476,0
DA:479,0
DA:482,0
DA:486,0
DA:490,0
DA:494,0
DA:497,0
DA:500,0
DA:503,0
DA:506,0
DA:509,0
DA:512,0
DA:515,0
DA:518,0
DA:521,0
DA:524,0
DA:527,0
DA:530,0
DA:533,0
DA:536,0
DA:539,0
DA:542,0
DA:545,0
DA:548,0
DA:551,0
DA:555,0
DA:558,0
DA:561,0
DA:564,0
DA:568,0
DA:571,0
DA:574,0
DA:577,0
DA:580,0
DA:583,0
DA:586,0
DA:589,0
DA:592,0
DA:595,0
DA:599,0
DA:602,0
DA:604,0
DA:607,0
DA:611,0
DA:613,0
DA:616,0
DA:620,0
DA:623,0
DA:626,0
DA:629,0
DA:632,0
DA:635,0
DA:638,0
DA:641,0
DA:644,0
DA:648,0
DA:650,0
DA:653,0
DA:656,0
DA:660,0
DA:663,0
DA:666,0
DA:669,0
DA:673,0
DA:676,0
DA:679,0
DA:682,0
DA:686,0
DA:689,0
DA:692,0
DA:695,0
DA:698,0
DA:701,0
DA:704,0
DA:707,0
DA:710,0
DA:713,0
DA:716,0
DA:720,0
DA:724,0
DA:727,0
DA:730,0
DA:733,0
DA:736,0
DA:740,0
DA:743,0
DA:746,0
DA:749,0
DA:752,0
DA:755,0
DA:759,0
DA:762,0
DA:765,0
DA:768,0
DA:771,0
DA:774,0
DA:777,0
DA:780,0
DA:784,0
DA:787,0
DA:791,0
LF:249
LH:0
end_of_record
SF:lib/generated/l10n/l10n_ru.dart
DA:9,0
DA:11,0
DA:14,0
DA:17,0
DA:21,0
DA:24,0
DA:27,0
DA:30,0
DA:34,0
DA:38,0
DA:41,0
DA:44,0
DA:48,0
DA:52,0
DA:56,0
DA:59,0
DA:63,0
DA:66,0
DA:69,0
DA:72,0
DA:75,0
DA:78,0
DA:81,0
DA:84,0
DA:88,0
DA:91,0
DA:94,0
DA:97,0
DA:100,0
DA:103,0
DA:107,0
DA:110,0
DA:113,0
DA:117,0
DA:120,0
DA:123,0
DA:127,0
DA:130,0
DA:133,0
DA:136,0
DA:139,0
DA:143,0
DA:146,0
DA:149,0
DA:152,0
DA:155,0
DA:158,0
DA:161,0
DA:163,0
DA:166,0
DA:170,0
DA:172,0
DA:175,0
DA:178,0
DA:183,0
DA:186,0
DA:188,0
DA:191,0
DA:194,0
DA:198,0
DA:201,0
DA:204,0
DA:208,0
DA:211,0
DA:214,0
DA:217,0
DA:220,0
DA:223,0
DA:226,0
DA:230,0
DA:233,0
DA:237,0
DA:239,0
DA:242,0
DA:245,0
DA:248,0
DA:251,0
DA:254,0
DA:257,0
DA:260,0
DA:263,0
DA:267,0
DA:270,0
DA:273,0
DA:276,0
DA:279,0
DA:282,0
DA:285,0
DA:287,0
DA:290,0
DA:293,0
DA:296,0
DA:299,0
DA:302,0
DA:305,0
DA:308,0
DA:312,0
DA:315,0
DA:318,0
DA:321,0
DA:324,0
DA:328,0
DA:331,0
DA:334,0
DA:338,0
DA:341,0
DA:344,0
DA:347,0
DA:349,0
DA:352,0
DA:355,0
DA:358,0
DA:362,0
DA:366,0
DA:369,0
DA:372,0
DA:375,0
DA:379,0
DA:382,0
DA:386,0
DA:389,0
DA:392,0
DA:395,0
DA:398,0
DA:401,0
DA:404,0
DA:408,0
DA:411,0
DA:414,0
DA:417,0
DA:420,0
DA:423,0
DA:427,0
DA:430,0
DA:434,0
DA:438,0
DA:440,0
DA:443,0
DA:446,0
DA:449,0
DA:452,0
DA:456,0
DA:459,0
DA:462,0
DA:465,0
DA:468,0
DA:471,0
DA:474,0
DA:477,0
DA:480,0
DA:483,0
DA:487,0
DA:491,0
DA:495,0
DA:498,0
DA:501,0
DA:504,0
DA:508,0
DA:511,0
DA:514,0
DA:517,0
DA:520,0
DA:523,0
DA:526,0
DA:529,0
DA:532,0
DA:535,0
DA:538,0
DA:541,0
DA:544,0
DA:547,0
DA:550,0
DA:553,0
DA:557,0
DA:560,0
DA:563,0
DA:566,0
DA:570,0
DA:574,0
DA:577,0
DA:580,0
DA:583,0
DA:586,0
DA:589,0
DA:592,0
DA:595,0
DA:598,0
DA:602,0
DA:605,0
DA:607,0
DA:610,0
DA:614,0
DA:616,0
DA:619,0
DA:623,0
DA:626,0
DA:629,0
DA:632,0
DA:635,0
DA:638,0
DA:641,0
DA:644,0
DA:647,0
DA:651,0
DA:653,0
DA:656,0
DA:659,0
DA:663,0
DA:666,0
DA:669,0
DA:672,0
DA:676,0
DA:679,0
DA:682,0
DA:685,0
DA:689,0
DA:692,0
DA:695,0
DA:698,0
DA:701,0
DA:704,0
DA:707,0
DA:710,0
DA:713,0
DA:716,0
DA:719,0
DA:723,0
DA:727,0
DA:730,0
DA:733,0
DA:736,0
DA:739,0
DA:743,0
DA:746,0
DA:749,0
DA:752,0
DA:755,0
DA:758,0
DA:762,0
DA:765,0
DA:768,0
DA:771,0
DA:774,0
DA:777,0
DA:780,0
DA:783,0
DA:787,0
DA:790,0
DA:794,0
LF:249
LH:0
end_of_record
SF:lib/generated/l10n/l10n_tr.dart
DA:9,0
DA:11,0
DA:14,0
DA:17,0
DA:21,0
DA:24,0
DA:27,0
DA:30,0
DA:34,0
DA:38,0
DA:41,0
DA:44,0
DA:47,0
DA:51,0
DA:54,0
DA:57,0
DA:61,0
DA:64,0
DA:67,0
DA:70,0
DA:73,0
DA:76,0
DA:79,0
DA:82,0
DA:86,0
DA:89,0
DA:92,0
DA:96,0
DA:99,0
DA:102,0
DA:106,0
DA:109,0
DA:112,0
DA:116,0
DA:119,0
DA:122,0
DA:126,0
DA:129,0
DA:132,0
DA:135,0
DA:138,0
DA:142,0
DA:145,0
DA:148,0
DA:151,0
DA:154,0
DA:157,0
DA:160,0
DA:162,0
DA:165,0
DA:169,0
DA:171,0
DA:174,0
DA:177,0
DA:182,0
DA:185,0
DA:187,0
DA:190,0
DA:193,0
DA:197,0
DA:200,0
DA:203,0
DA:207,0
DA:210,0
DA:213,0
DA:216,0
DA:219,0
DA:222,0
DA:225,0
DA:229,0
DA:232,0
DA:236,0
DA:238,0
DA:241,0
DA:244,0
DA:247,0
DA:250,0
DA:253,0
DA:256,0
DA:259,0
DA:262,0
DA:266,0
DA:269,0
DA:272,0
DA:275,0
DA:278,0
DA:281,0
DA:284,0
DA:286,0
DA:289,0
DA:292,0
DA:295,0
DA:298,0
DA:301,0
DA:304,0
DA:307,0
DA:311,0
DA:314,0
DA:317,0
DA:320,0
DA:323,0
DA:327,0
DA:330,0
DA:333,0
DA:337,0
DA:340,0
DA:343,0
DA:346,0
DA:348,0
DA:351,0
DA:354,0
DA:357,0
DA:360,0
DA:363,0
DA:366,0
DA:369,0
DA:372,0
DA:376,0
DA:379,0
DA:383,0
DA:386,0
DA:389,0
DA:392,0
DA:395,0
DA:398,0
DA:401,0
DA:405,0
DA:408,0
DA:411,0
DA:414,0
DA:417,0
DA:420,0
DA:424,0
DA:427,0
DA:431,0
DA:435,0
DA:437,0
DA:440,0
DA:443,0
DA:446,0
DA:449,0
DA:453,0
DA:456,0
DA:459,0
DA:462,0
DA:465,0
DA:468,0
DA:471,0
DA:474,0
DA:477,0
DA:480,0
DA:484,0
DA:488,0
DA:492,0
DA:495,0
DA:498,0
DA:501,0
DA:505,0
DA:508,0
DA:511,0
DA:514,0
DA:517,0
DA:520,0
DA:523,0
DA:526,0
DA:529,0
DA:532,0
DA:535,0
DA:538,0
DA:541,0
DA:544,0
DA:547,0
DA:550,0
DA:553,0
DA:556,0
DA:559,0
DA:562,0
DA:566,0
DA:570,0
DA:573,0
DA:576,0
DA:579,0
DA:582,0
DA:585,0
DA:588,0
DA:591,0
DA:594,0
DA:598,0
DA:601,0
DA:603,0
DA:606,0
DA:610,0
DA:612,0
DA:615,0
DA:618,0
DA:621,0
DA:624,0
DA:627,0
DA:630,0
DA:633,0
DA:636,0
DA:640,0
DA:643,0
DA:647,0
DA:649,0
DA:652,0
DA:655,0
DA:659,0
DA:662,0
DA:665,0
DA:668,0
DA:672,0
DA:675,0
DA:678,0
DA:681,0
DA:685,0
DA:688,0
DA:691,0
DA:694,0
DA:697,0
DA:700,0
DA:703,0
DA:706,0
DA:709,0
DA:712,0
DA:715,0
DA:719,0
DA:722,0
DA:725,0
DA:728,0
DA:731,0
DA:734,0
DA:738,0
DA:741,0
DA:744,0
DA:747,0
DA:750,0
DA:753,0
DA:757,0
DA:760,0
DA:763,0
DA:766,0
DA:769,0
DA:772,0
DA:775,0
DA:778,0
DA:782,0
DA:785,0
DA:789,0
LF:249
LH:0
end_of_record
SF:lib/generated/l10n/l10n_uk.dart
DA:9,0
DA:11,0
DA:14,0
DA:17,0
DA:21,0
DA:24,0
DA:27,0
DA:30,0
DA:34,0
DA:38,0
DA:41,0
DA:44,0
DA:48,0
DA:52,0
DA:56,0
DA:59,0
DA:63,0
DA:66,0
DA:69,0
DA:72,0
DA:75,0
DA:78,0
DA:81,0
DA:84,0
DA:88,0
DA:91,0
DA:94,0
DA:98,0
DA:101,0
DA:104,0
DA:108,0
DA:111,0
DA:114,0
DA:118,0
DA:121,0
DA:124,0
DA:128,0
DA:131,0
DA:134,0
DA:137,0
DA:140,0
DA:144,0
DA:147,0
DA:150,0
DA:153,0
DA:156,0
DA:159,0
DA:162,0
DA:164,0
DA:167,0
DA:171,0
DA:173,0
DA:176,0
DA:179,0
DA:184,0
DA:187,0
DA:189,0
DA:192,0
DA:195,0
DA:199,0
DA:202,0
DA:205,0
DA:209,0
DA:212,0
DA:215,0
DA:218,0
DA:221,0
DA:224,0
DA:227,0
DA:231,0
DA:234,0
DA:238,0
DA:240,0
DA:243,0
DA:246,0
DA:249,0
DA:252,0
DA:255,0
DA:258,0
DA:261,0
DA:264,0
DA:268,0
DA:271,0
DA:274,0
DA:277,0
DA:280,0
DA:284,0
DA:287,0
DA:289,0
DA:292,0
DA:295,0
DA:298,0
DA:301,0
DA:304,0
DA:307,0
DA:310,0
DA:314,0
DA:317,0
DA:320,0
DA:323,0
DA:326,0
DA:330,0
DA:333,0
DA:336,0
DA:340,0
DA:343,0
DA:346,0
DA:349,0
DA:351,0
DA:354,0
DA:357,0
DA:360,0
DA:364,0
DA:368,0
DA:371,0
DA:374,0
DA:377,0
DA:381,0
DA:384,0
DA:388,0
DA:391,0
DA:394,0
DA:397,0
DA:400,0
DA:403,0
DA:406,0
DA:410,0
DA:413,0
DA:416,0
DA:419,0
DA:422,0
DA:425,0
DA:429,0
DA:432,0
DA:436,0
DA:440,0
DA:442,0
DA:445,0
DA:448,0
DA:451,0
DA:454,0
DA:458,0
DA:461,0
DA:464,0
DA:467,0
DA:470,0
DA:473,0
DA:476,0
DA:479,0
DA:482,0
DA:485,0
DA:489,0
DA:493,0
DA:497,0
DA:500,0
DA:503,0
DA:506,0
DA:510,0
DA:513,0
DA:516,0
DA:519,0
DA:522,0
DA:525,0
DA:528,0
DA:531,0
DA:534,0
DA:537,0
DA:540,0
DA:543,0
DA:546,0
DA:549,0
DA:552,0
DA:555,0
DA:558,0
DA:561,0
DA:564,0
DA:567,0
DA:571,0
DA:575,0
DA:578,0
DA:581,0
DA:584,0
DA:587,0
DA:590,0
DA:593,0
DA:596,0
DA:599,0
DA:603,0
DA:606,0
DA:608,0
DA:611,0
DA:615,0
DA:617,0
DA:620,0
DA:624,0
DA:627,0
DA:630,0
DA:633,0
DA:636,0
DA:639,0
DA:642,0
DA:645,0
DA:648,0
DA:652,0
DA:654,0
DA:657,0
DA:660,0
DA:664,0
DA:667,0
DA:670,0
DA:673,0
DA:677,0
DA:680,0
DA:683,0
DA:686,0
DA:690,0
DA:693,0
DA:696,0
DA:699,0
DA:702,0
DA:705,0
DA:708,0
DA:711,0
DA:714,0
DA:717,0
DA:720,0
DA:724,0
DA:727,0
DA:730,0
DA:733,0
DA:736,0
DA:739,0
DA:743,0
DA:746,0
DA:749,0
DA:752,0
DA:755,0
DA:758,0
DA:762,0
DA:765,0
DA:768,0
DA:772,0
DA:775,0
DA:778,0
DA:781,0
DA:784,0
DA:788,0
DA:791,0
DA:795,0
LF:249
LH:0
end_of_record
SF:lib/generated/l10n/l10n_zh.dart
DA:9,0
DA:11,0
DA:14,0
DA:17,0
DA:20,0
DA:23,0
DA:26,0
DA:29,0
DA:32,0
DA:35,0
DA:38,0
DA:41,0
DA:44,0
DA:47,0
DA:50,0
DA:53,0
DA:56,0
DA:59,0
DA:62,0
DA:65,0
DA:68,0
DA:71,0
DA:74,0
DA:77,0
DA:81,0
DA:84,0
DA:87,0
DA:90,0
DA:93,0
DA:96,0
DA:100,0
DA:103,0
DA:106,0
DA:109,0
DA:112,0
DA:115,0
DA:119,0
DA:122,0
DA:125,0
DA:128,0
DA:131,0
DA:134,0
DA:137,0
DA:140,0
DA:143,0
DA:146,0
DA:149,0
DA:152,0
DA:154,0
DA:157,0
DA:161,0
DA:163,0
DA:166,0
DA:169,0
DA:174,0
DA:177,0
DA:179,0
DA:182,0
DA:185,0
DA:188,0
DA:191,0
DA:194,0
DA:197,0
DA:200,0
DA:203,0
DA:206,0
DA:209,0
DA:212,0
DA:215,0
DA:218,0
DA:221,0
DA:225,0
DA:227,0
DA:230,0
DA:233,0
DA:236,0
DA:239,0
DA:242,0
DA:245,0
DA:248,0
DA:251,0
DA:254,0
DA:257,0
DA:260,0
DA:263,0
DA:266,0
DA:269,0
DA:272,0
DA:274,0
DA:277,0
DA:280,0
DA:283,0
DA:286,0
DA:289,0
DA:292,0
DA:295,0
DA:299,0
DA:302,0
DA:305,0
DA:308,0
DA:311,0
DA:314,0
DA:317,0
DA:320,0
DA:323,0
DA:326,0
DA:329,0
DA:332,0
DA:334,0
DA:337,0
DA:340,0
DA:343,0
DA:346,0
DA:349,0
DA:352,0
DA:355,0
DA:358,0
DA:362,0
DA:365,0
DA:369,0
DA:372,0
DA:375,0
DA:378,0
DA:381,0
DA:384,0
DA:387,0
DA:390,0
DA:393,0
DA:396,0
DA:399,0
DA:402,0
DA:405,0
DA:408,0
DA:411,0
DA:414,0
DA:417,0
DA:419,0
DA:422,0
DA:425,0
DA:428,0
DA:431,0
DA:434,0
DA:437,0
DA:440,0
DA:443,0
DA:446,0
DA:449,0
DA:452,0
DA:455,0
DA:458,0
DA:461,0
DA:464,0
DA:467,0
DA:470,0
DA:473,0
DA:476,0
DA:479,0
DA:482,0
DA:485,0
DA:488,0
DA:491,0
DA:494,0
DA:497,0
DA:500,0
DA:503,0
DA:506,0
DA:509,0
DA:512,0
DA:515,0
DA:518,0
DA:521,0
DA:524,0
DA:527,0
DA:530,0
DA:533,0
DA:536,0
DA:539,0
DA:543,0
DA:546,0
DA:549,0
DA:552,0
DA:555,0
DA:558,0
DA:561,0
DA:564,0
DA:567,0
DA:570,0
DA:573,0
DA:576,0
DA:578,0
DA:581,0
DA:585,0
DA:587,0
DA:590,0
DA:593,0
DA:596,0
DA:599,0
DA:602,0
DA:605,0
DA:608,0
DA:611,0
DA:614,0
DA:617,0
DA:620,0
DA:622,0
DA:625,0
DA:628,0
DA:631,0
DA:634,0
DA:637,0
DA:640,0
DA:643,0
DA:646,0
DA:649,0
DA:652,0
DA:655,0
DA:658,0
DA:661,0
DA:664,0
DA:667,0
DA:670,0
DA:673,0
DA:676,0
DA:679,0
DA:682,0
DA:685,0
DA:688,0
DA:691,0
DA:694,0
DA:697,0
DA:700,0
DA:703,0
DA:706,0
DA:709,0
DA:712,0
DA:715,0
DA:718,0
DA:721,0
DA:724,0
DA:727,0
DA:730,0
DA:733,0
DA:736,0
DA:739,0
DA:742,0
DA:745,0
DA:748,0
DA:751,0
DA:754,0
DA:761,0
DA:763,0
DA:766,0
DA:769,0
DA:772,0
DA:775,0
DA:778,0
DA:781,0
DA:784,0
DA:787,0
DA:790,0
DA:793,0
DA:796,0
DA:799,0
DA:802,0
DA:805,0
DA:808,0
DA:811,0
DA:814,0
DA:817,0
DA:820,0
DA:823,0
DA:826,0
DA:829,0
DA:833,0
DA:836,0
DA:839,0
DA:842,0
DA:845,0
DA:848,0
DA:852,0
DA:855,0
DA:858,0
DA:861,0
DA:864,0
DA:867,0
DA:871,0
DA:874,0
DA:877,0
DA:880,0
DA:883,0
DA:886,0
DA:889,0
DA:892,0
DA:895,0
DA:898,0
DA:901,0
DA:904,0
DA:906,0
DA:909,0
DA:913,0
DA:915,0
DA:918,0
DA:921,0
DA:926,0
DA:929,0
DA:931,0
DA:934,0
DA:937,0
DA:940,0
DA:943,0
DA:946,0
DA:949,0
DA:952,0
DA:955,0
DA:958,0
DA:961,0
DA:964,0
DA:967,0
DA:970,0
DA:973,0
DA:977,0
DA:979,0
DA:982,0
DA:985,0
DA:988,0
DA:991,0
DA:994,0
DA:997,0
DA:1000,0
DA:1003,0
DA:1006,0
DA:1009,0
DA:1012,0
DA:1015,0
DA:1018,0
DA:1021,0
DA:1024,0
DA:1026,0
DA:1029,0
DA:1032,0
DA:1035,0
DA:1038,0
DA:1041,0
DA:1044,0
DA:1047,0
DA:1051,0
DA:1054,0
DA:1057,0
DA:1060,0
DA:1063,0
DA:1066,0
DA:1069,0
DA:1072,0
DA:1075,0
DA:1078,0
DA:1081,0
DA:1084,0
DA:1086,0
DA:1089,0
DA:1092,0
DA:1095,0
DA:1098,0
DA:1101,0
DA:1104,0
DA:1107,0
DA:1110,0
DA:1114,0
DA:1117,0
DA:1121,0
DA:1124,0
DA:1127,0
DA:1130,0
DA:1133,0
DA:1136,0
DA:1139,0
DA:1142,0
DA:1145,0
DA:1148,0
DA:1151,0
DA:1154,0
DA:1157,0
DA:1160,0
DA:1163,0
DA:1166,0
DA:1169,0
DA:1171,0
DA:1174,0
DA:1177,0
DA:1180,0
DA:1183,0
DA:1186,0
DA:1189,0
DA:1192,0
DA:1195,0
DA:1198,0
DA:1201,0
DA:1204,0
DA:1207,0
DA:1210,0
DA:1213,0
DA:1216,0
DA:1219,0
DA:1222,0
DA:1225,0
DA:1228,0
DA:1231,0
DA:1234,0
DA:1237,0
DA:1240,0
DA:1243,0
DA:1246,0
DA:1249,0
DA:1252,0
DA:1255,0
DA:1258,0
DA:1261,0
DA:1264,0
DA:1267,0
DA:1270,0
DA:1273,0
DA:1276,0
DA:1279,0
DA:1282,0
DA:1285,0
DA:1288,0
DA:1291,0
DA:1295,0
DA:1298,0
DA:1301,0
DA:1304,0
DA:1307,0
DA:1310,0
DA:1313,0
DA:1316,0
DA:1319,0
DA:1322,0
DA:1325,0
DA:1328,0
DA:1330,0
DA:1333,0
DA:1337,0
DA:1339,0
DA:1342,0
DA:1345,0
DA:1348,0
DA:1351,0
DA:1354,0
DA:1357,0
DA:1360,0
DA:1363,0
DA:1366,0
DA:1369,0
DA:1372,0
DA:1374,0
DA:1377,0
DA:1380,0
DA:1383,0
DA:1386,0
DA:1389,0
DA:1392,0
DA:1395,0
DA:1398,0
DA:1401,0
DA:1404,0
DA:1407,0
DA:1410,0
DA:1413,0
DA:1416,0
DA:1419,0
DA:1422,0
DA:1425,0
DA:1428,0
DA:1431,0
DA:1434,0
DA:1437,0
DA:1440,0
DA:1443,0
DA:1446,0
DA:1449,0
DA:1452,0
DA:1455,0
DA:1458,0
DA:1461,0
DA:1464,0
DA:1467,0
DA:1470,0
DA:1473,0
DA:1476,0
DA:1479,0
DA:1482,0
DA:1485,0
DA:1488,0
DA:1491,0
DA:1494,0
DA:1497,0
DA:1500,0
DA:1503,0
DA:1506,0
LF:498
LH:0
end_of_record
SF:lib/data/model/server/proc.dart
DA:18,1
DA:47,1
DA:61,1
DA:62,2
DA:63,1
DA:64,3
DA:65,3
DA:66,1
DA:67,1
DA:68,3
DA:69,1
DA:70,1
DA:71,3
DA:72,1
DA:73,1
DA:74,3
DA:78,0
DA:79,0
DA:80,0
DA:81,0
DA:82,0
DA:83,0
DA:84,0
DA:85,0
DA:86,0
DA:87,0
DA:88,0
DA:89,0
DA:90,0
DA:94,0
DA:96,0
DA:99,0
DA:100,0
DA:101,0
DA:110,2
DA:112,1
DA:113,5
DA:114,1
DA:116,1
DA:117,2
DA:118,3
DA:119,1
DA:120,1
DA:121,1
DA:122,1
DA:123,1
DA:124,1
DA:125,1
DA:126,1
DA:127,1
DA:128,1
DA:129,1
DA:130,1
DA:133,1
DA:134,1
DA:135,3
DA:136,1
DA:137,1
DA:139,2
DA:141,0
DA:142,0
DA:147,1
DA:148,1
DA:150,0
DA:151,0
DA:153,0
DA:154,0
DA:156,0
DA:157,0
DA:159,0
DA:160,0
DA:163,2
DA:170,1
DA:171,1
DA:172,2
LF:75
LH:47
end_of_record
